<?xml version="1.0" encoding="UTF-8"?>
<coverage generated="1705607421379" clover="3.2.0">
  <project timestamp="1705607421379" name="All files">
    <metrics statements="267" coveredstatements="256" conditionals="74" coveredconditionals="69" methods="67" coveredmethods="64" elements="408" coveredelements="389" complexity="0" loc="267" ncloc="267" packages="1" files="6" classes="6"/>
    <file name="ClickDeduceResponseError.ts" path="D:\Users\RIchard\Documents\Uni\Inf\Project\ClickDeduce\webapp\scripts\ClickDeduceResponseError.ts">
      <metrics statements="5" coveredstatements="5" conditionals="2" coveredconditionals="1" methods="2" coveredmethods="2"/>
      <line num="1" count="2" type="stmt"/>
      <line num="3" count="10" type="cond" truecount="1" falsecount="1"/>
      <line num="4" count="10" type="stmt"/>
      <line num="5" count="10" type="stmt"/>
      <line num="7" count="2" type="stmt"/>
    </file>
    <file name="actions.ts" path="D:\Users\RIchard\Documents\Uni\Inf\Project\ClickDeduce\webapp\scripts\actions.ts">
      <metrics statements="60" coveredstatements="60" conditionals="13" coveredconditionals="12" methods="17" coveredmethods="17"/>
      <line num="1" count="2" type="stmt"/>
      <line num="2" count="2" type="stmt"/>
      <line num="3" count="2" type="stmt"/>
      <line num="4" count="2" type="stmt"/>
      <line num="6" count="2" type="stmt"/>
      <line num="8" count="2" type="stmt"/>
      <line num="9" count="106" type="stmt"/>
      <line num="12" count="2" type="stmt"/>
      <line num="14" count="84" type="stmt"/>
      <line num="17" count="168" type="stmt"/>
      <line num="25" count="84" type="stmt"/>
      <line num="26" count="84" type="stmt"/>
      <line num="30" count="2" type="stmt"/>
      <line num="31" count="63" type="stmt"/>
      <line num="32" count="63" type="stmt"/>
      <line num="34" count="108" type="cond" truecount="3" falsecount="0"/>
      <line num="35" count="17" type="stmt"/>
      <line num="38" count="46" type="stmt"/>
      <line num="39" count="46" type="cond" truecount="1" falsecount="0"/>
      <line num="40" count="1" type="stmt"/>
      <line num="43" count="92" type="stmt"/>
      <line num="44" count="41" type="cond" truecount="1" falsecount="0"/>
      <line num="45" count="40" type="stmt"/>
      <line num="47" count="1" type="stmt"/>
      <line num="48" count="1" type="cond" truecount="3" falsecount="0"/>
      <line num="49" count="1" type="stmt"/>
      <line num="50" count="1" type="cond" truecount="1" falsecount="0"/>
      <line num="51" count="1" type="stmt"/>
      <line num="57" count="2" type="stmt"/>
      <line num="58" count="123" type="stmt"/>
      <line num="59" count="123" type="stmt"/>
      <line num="60" count="123" type="stmt"/>
      <line num="62" count="123" type="stmt"/>
      <line num="63" count="123" type="cond" truecount="1" falsecount="0"/>
      <line num="64" count="5" type="stmt"/>
      <line num="67" count="246" type="stmt"/>
      <line num="70" count="2" type="stmt"/>
      <line num="71" count="203" type="stmt"/>
      <line num="72" count="203" type="stmt"/>
      <line num="73" count="203" type="stmt"/>
      <line num="83" count="203" type="cond" truecount="1" falsecount="0"/>
      <line num="84" count="5" type="stmt"/>
      <line num="85" count="5" type="stmt"/>
      <line num="88" count="198" type="stmt"/>
      <line num="89" count="198" type="stmt"/>
      <line num="90" count="198" type="stmt"/>
      <line num="92" count="5" type="stmt"/>
      <line num="93" count="5" type="stmt"/>
      <line num="94" count="5" type="stmt"/>
      <line num="98" count="2" type="stmt"/>
      <line num="99" count="2" type="stmt"/>
      <line num="100" count="2" type="cond" truecount="0" falsecount="1"/>
      <line num="101" count="2" type="stmt"/>
      <line num="102" count="4" type="stmt"/>
      <line num="106" count="2" type="stmt"/>
      <line num="107" count="7" type="stmt"/>
      <line num="110" count="2" type="stmt"/>
      <line num="111" count="8" type="cond" truecount="1" falsecount="0"/>
      <line num="112" count="6" type="stmt"/>
      <line num="113" count="12" type="stmt"/>
    </file>
    <file name="initialise.ts" path="D:\Users\RIchard\Documents\Uni\Inf\Project\ClickDeduce\webapp\scripts\initialise.ts">
      <metrics statements="24" coveredstatements="22" conditionals="0" coveredconditionals="0" methods="3" coveredmethods="1"/>
      <line num="1" count="2" type="stmt"/>
      <line num="2" count="2" type="stmt"/>
      <line num="11" count="2" type="stmt"/>
      <line num="12" count="2" type="stmt"/>
      <line num="13" count="2" type="stmt"/>
      <line num="18" count="2" type="stmt"/>
      <line num="19" count="106" type="stmt"/>
      <line num="20" count="106" type="stmt"/>
      <line num="21" count="212" type="stmt"/>
      <line num="23" count="106" type="stmt"/>
      <line num="25" count="106" type="stmt"/>
      <line num="29" count="0" type="stmt"/>
      <line num="32" count="0" type="stmt"/>
      <line num="37" count="2" type="stmt"/>
      <line num="38" count="2" type="stmt"/>
      <line num="39" count="2" type="stmt"/>
      <line num="40" count="2" type="stmt"/>
      <line num="41" count="2" type="stmt"/>
      <line num="42" count="2" type="stmt"/>
      <line num="43" count="2" type="stmt"/>
      <line num="44" count="2" type="stmt"/>
      <line num="45" count="2" type="stmt"/>
      <line num="46" count="2" type="stmt"/>
      <line num="47" count="2" type="stmt"/>
    </file>
    <file name="interface.ts" path="D:\Users\RIchard\Documents\Uni\Inf\Project\ClickDeduce\webapp\scripts\interface.ts">
      <metrics statements="69" coveredstatements="61" conditionals="30" coveredconditionals="28" methods="9" coveredmethods="8"/>
      <line num="1" count="2" type="stmt"/>
      <line num="2" count="2" type="stmt"/>
      <line num="3" count="2" type="stmt"/>
      <line num="4" count="2" type="stmt"/>
      <line num="7" count="2" type="stmt"/>
      <line num="8" count="2" type="stmt"/>
      <line num="10" count="2" type="stmt"/>
      <line num="11" count="106" type="stmt"/>
      <line num="12" count="106" type="stmt"/>
      <line num="13" count="106" type="stmt"/>
      <line num="15" count="106" type="stmt"/>
      <line num="16" count="106" type="stmt"/>
      <line num="17" count="106" type="stmt"/>
      <line num="20" count="2" type="stmt"/>
      <line num="21" count="16" type="cond" truecount="4" falsecount="0"/>
      <line num="22" count="28" type="stmt"/>
      <line num="23" count="1" type="cond" truecount="2" falsecount="1"/>
      <line num="24" count="1" type="stmt"/>
      <line num="25" count="1" type="stmt"/>
      <line num="26" count="2" type="stmt"/>
      <line num="30" count="2" type="stmt"/>
      <line num="31" count="14" type="cond" truecount="4" falsecount="0"/>
      <line num="32" count="14" type="stmt"/>
      <line num="33" count="14" type="stmt"/>
      <line num="34" count="14" type="cond" truecount="2" falsecount="0"/>
      <line num="35" count="7" type="stmt"/>
      <line num="37" count="7" type="stmt"/>
      <line num="39" count="14" type="cond" truecount="2" falsecount="0"/>
      <line num="40" count="2" type="stmt"/>
      <line num="41" count="12" type="cond" truecount="1" falsecount="0"/>
      <line num="42" count="2" type="stmt"/>
      <line num="44" count="14" type="stmt"/>
      <line num="45" count="14" type="stmt"/>
      <line num="46" count="14" type="cond" truecount="1" falsecount="0"/>
      <line num="47" count="12" type="stmt"/>
      <line num="53" count="2" type="stmt"/>
      <line num="54" count="21" type="cond" truecount="3" falsecount="1"/>
      <line num="55" count="21" type="stmt"/>
      <line num="59" count="26" type="stmt"/>
      <line num="60" count="26" type="cond" truecount="1" falsecount="0"/>
      <line num="62" count="3" type="stmt"/>
      <line num="65" count="26" type="cond" truecount="2" falsecount="0"/>
      <line num="66" count="0" type="stmt"/>
      <line num="69" count="26" type="cond" truecount="5" falsecount="0"/>
      <line num="70" count="23" type="stmt"/>
      <line num="72" count="23" type="stmt"/>
      <line num="74" count="23" type="stmt"/>
      <line num="75" count="23" type="stmt"/>
      <line num="76" count="23" type="stmt"/>
      <line num="77" count="23" type="stmt"/>
      <line num="79" count="3" type="stmt"/>
      <line num="84" count="49" type="stmt"/>
      <line num="85" count="49" type="cond" truecount="1" falsecount="0"/>
      <line num="86" count="20" type="stmt"/>
      <line num="90" count="2" type="stmt"/>
      <line num="91" count="0" type="stmt"/>
      <line num="92" count="0" type="stmt"/>
      <line num="94" count="0" type="stmt"/>
      <line num="95" count="0" type="stmt"/>
      <line num="97" count="0" type="stmt"/>
      <line num="99" count="0" type="stmt"/>
      <line num="100" count="0" type="stmt"/>
      <line num="103" count="2" type="stmt"/>
      <line num="104" count="5" type="stmt"/>
      <line num="105" count="5" type="stmt"/>
      <line num="106" count="5" type="stmt"/>
      <line num="107" count="5" type="stmt"/>
      <line num="108" count="1" type="stmt"/>
      <line num="109" count="1" type="stmt"/>
    </file>
    <file name="treeManipulation.ts" path="D:\Users\RIchard\Documents\Uni\Inf\Project\ClickDeduce\webapp\scripts\treeManipulation.ts">
      <metrics statements="99" coveredstatements="99" conditionals="25" coveredconditionals="24" methods="33" coveredmethods="33"/>
      <line num="1" count="2" type="stmt"/>
      <line num="2" count="2" type="stmt"/>
      <line num="3" count="2" type="stmt"/>
      <line num="4" count="2" type="stmt"/>
      <line num="6" count="2" type="stmt"/>
      <line num="7" count="2" type="stmt"/>
      <line num="14" count="2" type="stmt"/>
      <line num="15" count="2" type="stmt"/>
      <line num="17" count="2" type="stmt"/>
      <line num="20" count="2" type="stmt"/>
      <line num="21" count="106" type="stmt"/>
      <line num="22" count="106" type="stmt"/>
      <line num="23" count="106" type="stmt"/>
      <line num="24" count="106" type="stmt"/>
      <line num="25" count="106" type="stmt"/>
      <line num="26" count="106" type="stmt"/>
      <line num="27" count="106" type="stmt"/>
      <line num="29" count="106" type="stmt"/>
      <line num="31" count="106" type="stmt"/>
      <line num="32" count="318" type="stmt"/>
      <line num="33" count="318" type="stmt"/>
      <line num="34" count="6" type="stmt"/>
      <line num="38" count="212" type="stmt"/>
      <line num="39" count="106" type="stmt"/>
      <line num="44" count="106" type="stmt"/>
      <line num="46" count="212" type="stmt"/>
      <line num="48" count="106" type="stmt"/>
      <line num="49" count="106" type="stmt"/>
      <line num="51" count="106" type="stmt"/>
      <line num="52" count="106" type="stmt"/>
      <line num="53" count="21" type="cond" truecount="1" falsecount="0"/>
      <line num="54" count="20" type="stmt"/>
      <line num="60" count="306" type="cond" truecount="0" falsecount="1"/>
      <line num="61" count="306" type="stmt"/>
      <line num="62" count="306" type="stmt"/>
      <line num="63" count="306" type="stmt"/>
      <line num="64" count="306" type="cond" truecount="5" falsecount="0"/>
      <line num="66" count="279" type="cond" truecount="1" falsecount="0"/>
      <line num="67" count="5" type="stmt"/>
      <line num="69" count="279" type="stmt"/>
      <line num="75" count="279" type="stmt"/>
      <line num="77" count="306" type="stmt"/>
      <line num="78" count="306" type="stmt"/>
      <line num="79" count="306" type="stmt"/>
      <line num="80" count="918" type="stmt"/>
      <line num="82" count="306" type="stmt"/>
      <line num="86" count="306" type="stmt"/>
      <line num="87" count="306" type="stmt"/>
      <line num="88" count="306" type="stmt"/>
      <line num="89" count="306" type="stmt"/>
      <line num="92" count="2" type="stmt"/>
      <line num="93" count="24" type="cond" truecount="3" falsecount="0"/>
      <line num="94" count="24" type="stmt"/>
      <line num="95" count="24" type="stmt"/>
      <line num="96" count="24" type="stmt"/>
      <line num="100" count="2" type="stmt"/>
      <line num="101" count="412" type="stmt"/>
      <line num="102" count="412" type="stmt"/>
      <line num="106" count="306" type="stmt"/>
      <line num="107" count="631" type="stmt"/>
      <line num="109" count="29" type="stmt"/>
      <line num="110" count="29" type="stmt"/>
      <line num="113" count="29" type="cond" truecount="1" falsecount="0"/>
      <line num="114" count="78" type="stmt"/>
      <line num="115" count="26" type="cond" truecount="1" falsecount="0"/>
      <line num="117" count="26" type="stmt"/>
      <line num="121" count="631" type="stmt"/>
      <line num="123" count="2" type="stmt"/>
      <line num="125" count="2" type="cond" truecount="1" falsecount="0"/>
      <line num="126" count="1" type="stmt"/>
      <line num="133" count="306" type="stmt"/>
      <line num="134" count="146" type="stmt"/>
      <line num="135" count="146" type="stmt"/>
      <line num="140" count="306" type="stmt"/>
      <line num="141" count="823" type="cond" truecount="3" falsecount="0"/>
      <line num="142" count="4" type="stmt"/>
      <line num="143" count="4" type="stmt"/>
      <line num="149" count="306" type="stmt"/>
      <line num="150" count="306" type="stmt"/>
      <line num="151" count="177" type="stmt"/>
      <line num="152" count="177" type="stmt"/>
      <line num="153" count="177" type="stmt"/>
      <line num="155" count="306" type="stmt"/>
      <line num="156" count="461" type="stmt"/>
      <line num="157" count="461" type="cond" truecount="1" falsecount="0"/>
      <line num="158" count="148" type="stmt"/>
      <line num="159" count="148" type="stmt"/>
      <line num="160" count="148" type="stmt"/>
      <line num="166" count="306" type="stmt"/>
      <line num="167" count="149" type="cond" truecount="1" falsecount="0"/>
      <line num="168" count="149" type="stmt"/>
      <line num="173" count="2" type="stmt"/>
      <line num="174" count="15" type="cond" truecount="3" falsecount="0"/>
      <line num="175" count="15" type="stmt"/>
      <line num="179" count="2" type="stmt"/>
      <line num="180" count="4" type="cond" truecount="3" falsecount="0"/>
      <line num="181" count="4" type="stmt"/>
      <line num="187" count="2" type="stmt"/>
      <line num="188" count="2" type="stmt"/>
    </file>
    <file name="utils.ts" path="D:\Users\RIchard\Documents\Uni\Inf\Project\ClickDeduce\webapp\scripts\utils.ts">
      <metrics statements="10" coveredstatements="9" conditionals="4" coveredconditionals="4" methods="3" coveredmethods="3"/>
      <line num="1" count="2" type="stmt"/>
      <line num="2" count="287" type="stmt"/>
      <line num="3" count="287" type="cond" truecount="1" falsecount="0"/>
      <line num="4" count="287" type="stmt"/>
      <line num="6" count="0" type="stmt"/>
      <line num="9" count="2" type="stmt"/>
      <line num="10" count="371" type="stmt"/>
      <line num="11" count="371" type="stmt"/>
      <line num="14" count="2" type="stmt"/>
      <line num="15" count="7792" type="cond" truecount="3" falsecount="0"/>
    </file>
  </project>
</coverage>
