<?xml version="1.0" encoding="UTF-8"?>
<coverage generated="1705577766804" clover="3.2.0">
  <project timestamp="1705577766804" name="All files">
    <metrics statements="239" coveredstatements="228" conditionals="74" coveredconditionals="69" methods="64" coveredmethods="61" elements="377" coveredelements="358" complexity="0" loc="239" ncloc="239" packages="1" files="2" classes="2"/>
    <file name="ClickDeduceResponseError.ts" path="D:\Users\RIchard\Documents\Uni\Inf\Project\ClickDeduce\webapp\scripts\ClickDeduceResponseError.ts">
      <metrics statements="5" coveredstatements="5" conditionals="2" coveredconditionals="1" methods="2" coveredmethods="2"/>
      <line num="1" count="2" type="stmt"/>
      <line num="3" count="10" type="cond" truecount="1" falsecount="1"/>
      <line num="4" count="10" type="stmt"/>
      <line num="5" count="10" type="stmt"/>
      <line num="7" count="2" type="stmt"/>
    </file>
    <file name="script.ts" path="D:\Users\RIchard\Documents\Uni\Inf\Project\ClickDeduce\webapp\scripts\script.ts">
      <metrics statements="234" coveredstatements="223" conditionals="72" coveredconditionals="68" methods="62" coveredmethods="59"/>
      <line num="1" count="2" type="stmt"/>
      <line num="2" count="2" type="stmt"/>
      <line num="3" count="2" type="stmt"/>
      <line num="5" count="2" type="stmt"/>
      <line num="7" count="2" type="stmt"/>
      <line num="8" count="2" type="stmt"/>
      <line num="17" count="2" type="stmt"/>
      <line num="19" count="2" type="stmt"/>
      <line num="21" count="2" type="stmt"/>
      <line num="23" count="2" type="stmt"/>
      <line num="28" count="576" type="stmt"/>
      <line num="29" count="296" type="cond" truecount="1" falsecount="0"/>
      <line num="30" count="288" type="stmt"/>
      <line num="33" count="0" type="stmt"/>
      <line num="36" count="2" type="stmt"/>
      <line num="38" count="84" type="stmt"/>
      <line num="41" count="168" type="stmt"/>
      <line num="49" count="84" type="stmt"/>
      <line num="50" count="84" type="stmt"/>
      <line num="55" count="106" type="stmt"/>
      <line num="57" count="212" type="stmt"/>
      <line num="59" count="106" type="stmt"/>
      <line num="60" count="106" type="stmt"/>
      <line num="62" count="106" type="stmt"/>
      <line num="63" count="106" type="stmt"/>
      <line num="64" count="21" type="cond" truecount="1" falsecount="0"/>
      <line num="65" count="21" type="stmt"/>
      <line num="72" count="372" type="stmt"/>
      <line num="75" count="2" type="stmt"/>
      <line num="76" count="123" type="stmt"/>
      <line num="77" count="123" type="stmt"/>
      <line num="78" count="123" type="stmt"/>
      <line num="80" count="123" type="stmt"/>
      <line num="81" count="123" type="cond" truecount="1" falsecount="0"/>
      <line num="82" count="5" type="stmt"/>
      <line num="85" count="246" type="stmt"/>
      <line num="88" count="2" type="stmt"/>
      <line num="89" count="63" type="stmt"/>
      <line num="90" count="63" type="stmt"/>
      <line num="92" count="108" type="cond" truecount="3" falsecount="0"/>
      <line num="93" count="17" type="stmt"/>
      <line num="96" count="46" type="stmt"/>
      <line num="97" count="46" type="cond" truecount="1" falsecount="0"/>
      <line num="98" count="1" type="stmt"/>
      <line num="101" count="92" type="stmt"/>
      <line num="102" count="41" type="stmt"/>
      <line num="103" count="41" type="cond" truecount="1" falsecount="0"/>
      <line num="104" count="40" type="stmt"/>
      <line num="106" count="1" type="stmt"/>
      <line num="107" count="1" type="cond" truecount="3" falsecount="0"/>
      <line num="108" count="1" type="stmt"/>
      <line num="109" count="1" type="stmt"/>
      <line num="110" count="1" type="cond" truecount="1" falsecount="0"/>
      <line num="111" count="1" type="stmt"/>
      <line num="118" count="204" type="stmt"/>
      <line num="119" count="204" type="stmt"/>
      <line num="120" count="204" type="stmt"/>
      <line num="130" count="204" type="cond" truecount="1" falsecount="0"/>
      <line num="131" count="5" type="stmt"/>
      <line num="132" count="5" type="stmt"/>
      <line num="135" count="199" type="stmt"/>
      <line num="136" count="199" type="stmt"/>
      <line num="137" count="199" type="stmt"/>
      <line num="139" count="5" type="stmt"/>
      <line num="140" count="5" type="stmt"/>
      <line num="141" count="5" type="stmt"/>
      <line num="145" count="307" type="cond" truecount="0" falsecount="1"/>
      <line num="146" count="307" type="stmt"/>
      <line num="147" count="307" type="stmt"/>
      <line num="148" count="307" type="stmt"/>
      <line num="149" count="307" type="cond" truecount="5" falsecount="0"/>
      <line num="151" count="280" type="cond" truecount="1" falsecount="0"/>
      <line num="152" count="5" type="stmt"/>
      <line num="154" count="280" type="stmt"/>
      <line num="160" count="280" type="stmt"/>
      <line num="162" count="307" type="stmt"/>
      <line num="163" count="307" type="stmt"/>
      <line num="164" count="307" type="stmt"/>
      <line num="165" count="921" type="stmt"/>
      <line num="167" count="307" type="stmt"/>
      <line num="171" count="307" type="stmt"/>
      <line num="172" count="307" type="stmt"/>
      <line num="173" count="307" type="stmt"/>
      <line num="174" count="307" type="stmt"/>
      <line num="178" count="24" type="cond" truecount="3" falsecount="0"/>
      <line num="179" count="24" type="stmt"/>
      <line num="180" count="24" type="stmt"/>
      <line num="181" count="24" type="stmt"/>
      <line num="186" count="413" type="stmt"/>
      <line num="187" count="413" type="stmt"/>
      <line num="190" count="2" type="stmt"/>
      <line num="191" count="15" type="cond" truecount="3" falsecount="0"/>
      <line num="192" count="15" type="stmt"/>
      <line num="196" count="2" type="stmt"/>
      <line num="197" count="4" type="cond" truecount="3" falsecount="0"/>
      <line num="198" count="4" type="stmt"/>
      <line num="203" count="307" type="stmt"/>
      <line num="204" count="149" type="cond" truecount="1" falsecount="0"/>
      <line num="205" count="149" type="stmt"/>
      <line num="210" count="2" type="stmt"/>
      <line num="213" count="307" type="stmt"/>
      <line num="214" count="307" type="stmt"/>
      <line num="215" count="177" type="stmt"/>
      <line num="216" count="177" type="stmt"/>
      <line num="217" count="177" type="stmt"/>
      <line num="219" count="307" type="stmt"/>
      <line num="220" count="461" type="stmt"/>
      <line num="221" count="461" type="cond" truecount="1" falsecount="0"/>
      <line num="222" count="148" type="stmt"/>
      <line num="223" count="148" type="stmt"/>
      <line num="224" count="148" type="stmt"/>
      <line num="229" count="2" type="stmt"/>
      <line num="230" count="16" type="cond" truecount="4" falsecount="0"/>
      <line num="231" count="28" type="stmt"/>
      <line num="232" count="1" type="cond" truecount="2" falsecount="1"/>
      <line num="233" count="1" type="stmt"/>
      <line num="234" count="1" type="stmt"/>
      <line num="235" count="2" type="stmt"/>
      <line num="239" count="2" type="stmt"/>
      <line num="240" count="14" type="cond" truecount="4" falsecount="0"/>
      <line num="241" count="14" type="stmt"/>
      <line num="242" count="14" type="stmt"/>
      <line num="243" count="14" type="cond" truecount="2" falsecount="0"/>
      <line num="244" count="7" type="stmt"/>
      <line num="246" count="7" type="stmt"/>
      <line num="248" count="14" type="cond" truecount="2" falsecount="0"/>
      <line num="249" count="2" type="stmt"/>
      <line num="250" count="12" type="cond" truecount="1" falsecount="0"/>
      <line num="251" count="2" type="stmt"/>
      <line num="253" count="14" type="stmt"/>
      <line num="254" count="14" type="stmt"/>
      <line num="255" count="14" type="cond" truecount="1" falsecount="0"/>
      <line num="256" count="12" type="stmt"/>
      <line num="264" count="2" type="stmt"/>
      <line num="265" count="2" type="stmt"/>
      <line num="269" count="21" type="cond" truecount="3" falsecount="1"/>
      <line num="270" count="21" type="stmt"/>
      <line num="274" count="307" type="stmt"/>
      <line num="275" count="631" type="stmt"/>
      <line num="277" count="29" type="stmt"/>
      <line num="278" count="29" type="stmt"/>
      <line num="281" count="29" type="cond" truecount="1" falsecount="0"/>
      <line num="282" count="78" type="stmt"/>
      <line num="283" count="26" type="cond" truecount="1" falsecount="0"/>
      <line num="285" count="26" type="stmt"/>
      <line num="289" count="631" type="stmt"/>
      <line num="291" count="2" type="stmt"/>
      <line num="293" count="2" type="cond" truecount="1" falsecount="0"/>
      <line num="294" count="1" type="stmt"/>
      <line num="301" count="307" type="stmt"/>
      <line num="302" count="146" type="stmt"/>
      <line num="303" count="146" type="stmt"/>
      <line num="308" count="307" type="stmt"/>
      <line num="309" count="823" type="cond" truecount="3" falsecount="0"/>
      <line num="310" count="4" type="stmt"/>
      <line num="311" count="4" type="stmt"/>
      <line num="317" count="7792" type="cond" truecount="3" falsecount="0"/>
      <line num="321" count="2" type="stmt"/>
      <line num="322" count="2" type="stmt"/>
      <line num="323" count="2" type="cond" truecount="0" falsecount="1"/>
      <line num="324" count="2" type="stmt"/>
      <line num="325" count="4" type="stmt"/>
      <line num="329" count="2" type="stmt"/>
      <line num="330" count="7" type="stmt"/>
      <line num="333" count="2" type="stmt"/>
      <line num="334" count="8" type="cond" truecount="1" falsecount="0"/>
      <line num="335" count="6" type="stmt"/>
      <line num="336" count="12" type="stmt"/>
      <line num="341" count="26" type="stmt"/>
      <line num="342" count="26" type="cond" truecount="1" falsecount="0"/>
      <line num="344" count="3" type="stmt"/>
      <line num="347" count="26" type="cond" truecount="2" falsecount="0"/>
      <line num="348" count="0" type="stmt"/>
      <line num="351" count="26" type="cond" truecount="5" falsecount="0"/>
      <line num="352" count="23" type="stmt"/>
      <line num="354" count="23" type="stmt"/>
      <line num="356" count="23" type="stmt"/>
      <line num="357" count="23" type="stmt"/>
      <line num="358" count="23" type="stmt"/>
      <line num="359" count="23" type="stmt"/>
      <line num="361" count="3" type="stmt"/>
      <line num="366" count="49" type="stmt"/>
      <line num="367" count="49" type="cond" truecount="1" falsecount="0"/>
      <line num="368" count="20" type="stmt"/>
      <line num="372" count="2" type="stmt"/>
      <line num="373" count="0" type="stmt"/>
      <line num="374" count="0" type="stmt"/>
      <line num="376" count="0" type="stmt"/>
      <line num="377" count="0" type="stmt"/>
      <line num="379" count="0" type="stmt"/>
      <line num="381" count="0" type="stmt"/>
      <line num="382" count="0" type="stmt"/>
      <line num="386" count="5" type="stmt"/>
      <line num="387" count="5" type="stmt"/>
      <line num="388" count="5" type="stmt"/>
      <line num="389" count="5" type="stmt"/>
      <line num="390" count="1" type="stmt"/>
      <line num="391" count="1" type="stmt"/>
      <line num="395" count="2" type="stmt"/>
      <line num="396" count="106" type="stmt"/>
      <line num="397" count="106" type="stmt"/>
      <line num="398" count="106" type="stmt"/>
      <line num="399" count="106" type="stmt"/>
      <line num="400" count="106" type="stmt"/>
      <line num="401" count="106" type="stmt"/>
      <line num="402" count="106" type="stmt"/>
      <line num="404" count="106" type="stmt"/>
      <line num="405" count="106" type="stmt"/>
      <line num="406" count="106" type="stmt"/>
      <line num="407" count="106" type="stmt"/>
      <line num="408" count="106" type="stmt"/>
      <line num="410" count="318" type="stmt"/>
      <line num="411" count="318" type="stmt"/>
      <line num="412" count="6" type="stmt"/>
      <line num="416" count="212" type="stmt"/>
      <line num="417" count="106" type="stmt"/>
      <line num="419" count="106" type="stmt"/>
      <line num="421" count="106" type="stmt"/>
      <line num="422" count="106" type="stmt"/>
      <line num="423" count="106" type="stmt"/>
      <line num="425" count="106" type="stmt"/>
      <line num="429" count="0" type="stmt"/>
      <line num="432" count="0" type="stmt"/>
      <line num="437" count="2" type="stmt"/>
      <line num="438" count="2" type="stmt"/>
      <line num="439" count="2" type="stmt"/>
      <line num="440" count="2" type="stmt"/>
      <line num="441" count="2" type="stmt"/>
      <line num="442" count="2" type="stmt"/>
      <line num="443" count="2" type="stmt"/>
      <line num="444" count="2" type="stmt"/>
      <line num="445" count="2" type="stmt"/>
      <line num="446" count="2" type="stmt"/>
      <line num="447" count="2" type="stmt"/>
    </file>
  </project>
</coverage>
