{"D:\\Users\\RIchard\\Documents\\Uni\\Inf\\Project\\ClickDeduce\\webapp\\scripts\\ClickDeduceResponseError.ts": {"path":"D:\\Users\\RIchard\\Documents\\Uni\\Inf\\Project\\ClickDeduce\\webapp\\scripts\\ClickDeduceResponseError.ts","statementMap":{"0":{"start":{"line":1,"column":0},"end":{"line":1,"column":null}},"1":{"start":{"line":1,"column":46},"end":{"line":1,"column":51}},"2":{"start":{"line":3,"column":4},"end":{"line":3,"column":19}},"3":{"start":{"line":4,"column":4},"end":{"line":4,"column":43}},"4":{"start":{"line":5,"column":4},"end":{"line":5,"column":null}},"5":{"start":{"line":7,"column":0},"end":{"line":7,"column":null}},"6":{"start":{"line":1,"column":13},"end":{"line":1,"column":37}}},"fnMap":{"0":{"name":"(anonymous_6)","decl":{"start":{"line":1,"column":0},"end":{"line":1,"column":13}},"loc":{"start":{"line":1,"column":0},"end":{"line":7,"column":null}}},"1":{"name":"ClickDeduceResponseError","decl":{"start":{"line":2,"column":2},"end":{"line":2,"column":14}},"loc":{"start":{"line":2,"column":29},"end":{"line":6,"column":3}}}},"branchMap":{"0":{"loc":{"start":{"line":3,"column":4},"end":{"line":3,"column":19}},"type":"binary-expr","locations":[{"start":{"line":3,"column":4},"end":{"line":3,"column":18}},{"start":{"line":3,"column":18},"end":{"line":3,"column":19}}]}},"s":{"0":6,"1":6,"2":10,"3":10,"4":10,"5":6,"6":6},"f":{"0":6,"1":10},"b":{"0":[10,0]}}
,"D:\\Users\\RIchard\\Documents\\Uni\\Inf\\Project\\ClickDeduce\\webapp\\scripts\\actions.ts": {"path":"D:\\Users\\RIchard\\Documents\\Uni\\Inf\\Project\\ClickDeduce\\webapp\\scripts\\actions.ts","statementMap":{"0":{"start":{"line":1,"column":0},"end":{"line":1,"column":61}},"1":{"start":{"line":2,"column":0},"end":{"line":2,"column":68}},"2":{"start":{"line":3,"column":0},"end":{"line":3,"column":115}},"3":{"start":{"line":4,"column":0},"end":{"line":4,"column":87}},"4":{"start":{"line":6,"column":24},"end":{"line":6,"column":28}},"5":{"start":{"line":12,"column":4},"end":{"line":12,"column":21}},"6":{"start":{"line":11,"column":0},"end":{"line":11,"column":16}},"7":{"start":{"line":22,"column":4},"end":{"line":22,"column":27}},"8":{"start":{"line":25,"column":4},"end":{"line":35,"column":7}},"9":{"start":{"line":33,"column":24},"end":{"line":33,"column":40}},"10":{"start":{"line":34,"column":8},"end":{"line":34,"column":109}},"11":{"start":{"line":20,"column":0},"end":{"line":20,"column":22}},"12":{"start":{"line":46,"column":10},"end":{"line":46,"column":49}},"13":{"start":{"line":47,"column":10},"end":{"line":47,"column":70}},"14":{"start":{"line":49,"column":4},"end":{"line":51,"column":5}},"15":{"start":{"line":49,"column":33},"end":{"line":49,"column":35}},"16":{"start":{"line":49,"column":40},"end":{"line":49,"column":41}},"17":{"start":{"line":49,"column":46},"end":{"line":49,"column":90}},"18":{"start":{"line":50,"column":8},"end":{"line":50,"column":15}},"19":{"start":{"line":53,"column":8},"end":{"line":53,"column":39}},"20":{"start":{"line":54,"column":4},"end":{"line":56,"column":5}},"21":{"start":{"line":55,"column":8},"end":{"line":55,"column":74}},"22":{"start":{"line":58,"column":4},"end":{"line":69,"column":7}},"23":{"start":{"line":59,"column":8},"end":{"line":61,"column":9}},"24":{"start":{"line":60,"column":12},"end":{"line":60,"column":19}},"25":{"start":{"line":62,"column":42},"end":{"line":62,"column":105}},"26":{"start":{"line":63,"column":8},"end":{"line":68,"column":9}},"27":{"start":{"line":64,"column":12},"end":{"line":64,"column":35}},"28":{"start":{"line":65,"column":12},"end":{"line":67,"column":13}},"29":{"start":{"line":66,"column":16},"end":{"line":66,"column":40}},"30":{"start":{"line":45,"column":0},"end":{"line":45,"column":22}},"31":{"start":{"line":81,"column":10},"end":{"line":81,"column":49}},"32":{"start":{"line":82,"column":10},"end":{"line":82,"column":70}},"33":{"start":{"line":83,"column":10},"end":{"line":83,"column":72}},"34":{"start":{"line":86,"column":4},"end":{"line":92,"column":5}},"35":{"start":{"line":87,"column":8},"end":{"line":87,"column":40}},"36":{"start":{"line":88,"column":11},"end":{"line":92,"column":5}},"37":{"start":{"line":89,"column":8},"end":{"line":89,"column":40}},"38":{"start":{"line":91,"column":8},"end":{"line":91,"column":58}},"39":{"start":{"line":94,"column":4},"end":{"line":94,"column":63}},"40":{"start":{"line":80,"column":0},"end":{"line":80,"column":22}},"41":{"start":{"line":104,"column":10},"end":{"line":104,"column":47}},"42":{"start":{"line":105,"column":10},"end":{"line":105,"column":51}},"43":{"start":{"line":106,"column":4},"end":{"line":128,"column":7}},"44":{"start":{"line":116,"column":8},"end":{"line":120,"column":9}},"45":{"start":{"line":117,"column":12},"end":{"line":119,"column":15}},"46":{"start":{"line":118,"column":16},"end":{"line":118,"column":57}},"47":{"start":{"line":121,"column":8},"end":{"line":121,"column":24}},"48":{"start":{"line":122,"column":24},"end":{"line":122,"column":40}},"49":{"start":{"line":123,"column":8},"end":{"line":123,"column":null}},"50":{"start":{"line":125,"column":8},"end":{"line":125,"column":28}},"51":{"start":{"line":126,"column":8},"end":{"line":126,"column":45}},"52":{"start":{"line":127,"column":8},"end":{"line":127,"column":58}},"53":{"start":{"line":103,"column":0},"end":{"line":103,"column":22}},"54":{"start":{"line":139,"column":4},"end":{"line":139,"column":27}},"55":{"start":{"line":140,"column":8},"end":{"line":140,"column":34}},"56":{"start":{"line":141,"column":14},"end":{"line":141,"column":null}},"57":{"start":{"line":142,"column":8},"end":{"line":142,"column":null}},"58":{"start":{"line":138,"column":0},"end":{"line":138,"column":22}},"59":{"start":{"line":150,"column":4},"end":{"line":150,"column":76}},"60":{"start":{"line":149,"column":0},"end":{"line":149,"column":16}},"61":{"start":{"line":159,"column":8},"end":{"line":159,"column":17}},"62":{"start":{"line":160,"column":14},"end":{"line":160,"column":83}},"63":{"start":{"line":161,"column":8},"end":{"line":161,"column":62}},"64":{"start":{"line":158,"column":0},"end":{"line":158,"column":22}}},"fnMap":{"0":{"name":"resetCopyCache","decl":{"start":{"line":11,"column":16},"end":{"line":11,"column":30}},"loc":{"start":{"line":11,"column":30},"end":{"line":13,"column":1}}},"1":{"name":"handleSubmit","decl":{"start":{"line":20,"column":22},"end":{"line":20,"column":34}},"loc":{"start":{"line":20,"column":60},"end":{"line":36,"column":null}}},"2":{"name":"(anonymous_17)","decl":{"start":{"line":33,"column":12},"end":{"line":33,"column":20}},"loc":{"start":{"line":33,"column":20},"end":{"line":33,"column":32}}},"3":{"name":"(anonymous_18)","decl":{"start":{"line":33,"column":46},"end":{"line":33,"column":57}},"loc":{"start":{"line":33,"column":57},"end":{"line":35,"column":5}}},"4":{"name":"handleLiteralChanged","decl":{"start":{"line":45,"column":22},"end":{"line":45,"column":42}},"loc":{"start":{"line":45,"column":70},"end":{"line":70,"column":null}}},"5":{"name":"(anonymous_22)","decl":{"start":{"line":49,"column":27},"end":{"line":49,"column":28}},"loc":{"start":{"line":49,"column":41},"end":{"line":49,"column":50}}},"6":{"name":"(anonymous_23)","decl":{"start":{"line":58,"column":72},"end":{"line":58,"column":null}},"loc":{"start":{"line":58,"column":72},"end":{"line":69,"column":5}}},"7":{"name":"handleDropdownChange","decl":{"start":{"line":80,"column":22},"end":{"line":80,"column":42}},"loc":{"start":{"line":80,"column":84},"end":{"line":95,"column":null}}},"8":{"name":"runAction","decl":{"start":{"line":103,"column":22},"end":{"line":103,"column":31}},"loc":{"start":{"line":103,"column":86},"end":{"line":129,"column":null}}},"9":{"name":"(anonymous_30)","decl":{"start":{"line":115,"column":12},"end":{"line":115,"column":20}},"loc":{"start":{"line":115,"column":20},"end":{"line":122,"column":5}}},"10":{"name":"(anonymous_31)","decl":{"start":{"line":117,"column":40},"end":{"line":117,"column":44}},"loc":{"start":{"line":117,"column":44},"end":{"line":119,"column":13}}},"11":{"name":"(anonymous_32)","decl":{"start":{"line":122,"column":12},"end":{"line":122,"column":20}},"loc":{"start":{"line":122,"column":20},"end":{"line":122,"column":32}}},"12":{"name":"(anonymous_33)","decl":{"start":{"line":122,"column":46},"end":{"line":122,"column":57}},"loc":{"start":{"line":122,"column":57},"end":{"line":124,"column":5}}},"13":{"name":"(anonymous_34)","decl":{"start":{"line":124,"column":13},"end":{"line":124,"column":18}},"loc":{"start":{"line":124,"column":18},"end":{"line":128,"column":5}}},"14":{"name":"clearTreeNode","decl":{"start":{"line":138,"column":22},"end":{"line":138,"column":35}},"loc":{"start":{"line":138,"column":48},"end":{"line":144,"column":null}}},"15":{"name":"copyTreeNode","decl":{"start":{"line":149,"column":16},"end":{"line":149,"column":28}},"loc":{"start":{"line":149,"column":28},"end":{"line":151,"column":1}}},"16":{"name":"pasteTreeNode","decl":{"start":{"line":158,"column":22},"end":{"line":158,"column":35}},"loc":{"start":{"line":158,"column":35},"end":{"line":163,"column":null}}}},"branchMap":{"0":{"loc":{"start":{"line":49,"column":4},"end":{"line":51,"column":5}},"type":"if","locations":[{"start":{"line":49,"column":4},"end":{"line":51,"column":5}}]},"1":{"loc":{"start":{"line":49,"column":46},"end":{"line":49,"column":89}},"type":"binary-expr","locations":[{"start":{"line":49,"column":46},"end":{"line":49,"column":63}},{"start":{"line":49,"column":67},"end":{"line":49,"column":89}}]},"2":{"loc":{"start":{"line":54,"column":4},"end":{"line":56,"column":5}},"type":"if","locations":[{"start":{"line":54,"column":4},"end":{"line":56,"column":5}}]},"3":{"loc":{"start":{"line":59,"column":8},"end":{"line":61,"column":9}},"type":"if","locations":[{"start":{"line":59,"column":8},"end":{"line":61,"column":9}}]},"4":{"loc":{"start":{"line":63,"column":8},"end":{"line":68,"column":9}},"type":"if","locations":[{"start":{"line":63,"column":8},"end":{"line":68,"column":9}}]},"5":{"loc":{"start":{"line":63,"column":12},"end":{"line":63,"column":75}},"type":"binary-expr","locations":[{"start":{"line":63,"column":12},"end":{"line":63,"column":34}},{"start":{"line":63,"column":38},"end":{"line":63,"column":75}}]},"6":{"loc":{"start":{"line":65,"column":12},"end":{"line":67,"column":13}},"type":"if","locations":[{"start":{"line":65,"column":12},"end":{"line":67,"column":13}}]},"7":{"loc":{"start":{"line":86,"column":4},"end":{"line":92,"column":5}},"type":"if","locations":[{"start":{"line":86,"column":4},"end":{"line":92,"column":5}},{"start":{"line":88,"column":11},"end":{"line":92,"column":5}}]},"8":{"loc":{"start":{"line":88,"column":11},"end":{"line":92,"column":5}},"type":"if","locations":[{"start":{"line":88,"column":11},"end":{"line":92,"column":5}},{"start":{"line":90,"column":11},"end":{"line":92,"column":5}}]},"9":{"loc":{"start":{"line":116,"column":8},"end":{"line":120,"column":9}},"type":"if","locations":[{"start":{"line":116,"column":8},"end":{"line":120,"column":9}}]},"10":{"loc":{"start":{"line":140,"column":8},"end":{"line":140,"column":34}},"type":"if","locations":[{"start":{"line":140,"column":8},"end":{"line":140,"column":34}}]},"11":{"loc":{"start":{"line":159,"column":8},"end":{"line":159,"column":17}},"type":"if","locations":[{"start":{"line":159,"column":8},"end":{"line":159,"column":17}}]}},"s":{"0":6,"1":6,"2":6,"3":6,"4":6,"5":169,"6":6,"7":88,"8":176,"9":88,"10":88,"11":6,"12":74,"13":74,"14":74,"15":164,"16":164,"17":164,"18":17,"19":57,"20":57,"21":6,"22":114,"23":52,"24":46,"25":6,"26":6,"27":6,"28":6,"29":6,"30":6,"31":149,"32":149,"33":149,"34":149,"35":5,"36":144,"37":144,"38":0,"39":298,"40":6,"41":240,"42":240,"43":240,"44":240,"45":5,"46":5,"47":235,"48":235,"49":235,"50":5,"51":5,"52":5,"53":6,"54":2,"55":2,"56":2,"57":4,"58":6,"59":7,"60":6,"61":8,"62":6,"63":12,"64":6},"f":{"0":169,"1":88,"2":88,"3":88,"4":74,"5":164,"6":52,"7":149,"8":240,"9":240,"10":5,"11":235,"12":235,"13":5,"14":2,"15":7,"16":7},"b":{"0":[17],"1":[164,71],"2":[6],"3":[46],"4":[6],"5":[6,6],"6":[6],"7":[5,144],"8":[144,0],"9":[5],"10":[0],"11":[1]}}
,"D:\\Users\\RIchard\\Documents\\Uni\\Inf\\Project\\ClickDeduce\\webapp\\scripts\\initialise.ts": {"path":"D:\\Users\\RIchard\\Documents\\Uni\\Inf\\Project\\ClickDeduce\\webapp\\scripts\\initialise.ts","statementMap":{"0":{"start":{"line":1,"column":0},"end":{"line":1,"column":34}},"1":{"start":{"line":2,"column":0},"end":{"line":2,"column":null}},"2":{"start":{"line":11,"column":0},"end":{"line":11,"column":69}},"3":{"start":{"line":12,"column":0},"end":{"line":12,"column":79}},"4":{"start":{"line":13,"column":0},"end":{"line":13,"column":41}},"5":{"start":{"line":24,"column":4},"end":{"line":24,"column":28}},"6":{"start":{"line":25,"column":4},"end":{"line":25,"column":21}},"7":{"start":{"line":26,"column":4},"end":{"line":26,"column":34}},"8":{"start":{"line":28,"column":4},"end":{"line":28,"column":61}},"9":{"start":{"line":30,"column":4},"end":{"line":39,"column":7}},"10":{"start":{"line":34,"column":12},"end":{"line":34,"column":25}},"11":{"start":{"line":37,"column":12},"end":{"line":37,"column":24}},"12":{"start":{"line":23,"column":0},"end":{"line":23,"column":22}},"13":{"start":{"line":42,"column":1},"end":{"line":42,"column":40}},"14":{"start":{"line":43,"column":1},"end":{"line":43,"column":44}},"15":{"start":{"line":44,"column":1},"end":{"line":44,"column":28}},"16":{"start":{"line":45,"column":1},"end":{"line":45,"column":28}},"17":{"start":{"line":46,"column":1},"end":{"line":46,"column":38}},"18":{"start":{"line":47,"column":1},"end":{"line":47,"column":52}},"19":{"start":{"line":48,"column":1},"end":{"line":48,"column":46}},"20":{"start":{"line":49,"column":1},"end":{"line":49,"column":44}},"21":{"start":{"line":50,"column":1},"end":{"line":50,"column":46}},"22":{"start":{"line":51,"column":1},"end":{"line":51,"column":60}},"23":{"start":{"line":52,"column":1},"end":{"line":52,"column":60}}},"fnMap":{"0":{"name":"initialise","decl":{"start":{"line":23,"column":22},"end":{"line":23,"column":32}},"loc":{"start":{"line":23,"column":32},"end":{"line":40,"column":null}}},"1":{"name":"(anonymous_17)","decl":{"start":{"line":32,"column":17},"end":{"line":32,"column":18}},"loc":{"start":{"line":32,"column":19},"end":{"line":35,"column":9}}},"2":{"name":"(anonymous_18)","decl":{"start":{"line":36,"column":19},"end":{"line":36,"column":null}},"loc":{"start":{"line":36,"column":19},"end":{"line":38,"column":9}}}},"branchMap":{},"s":{"0":6,"1":6,"2":6,"3":6,"4":6,"5":169,"6":169,"7":338,"8":169,"9":169,"10":0,"11":0,"12":6,"13":6,"14":6,"15":6,"16":6,"17":6,"18":6,"19":6,"20":6,"21":6,"22":6,"23":6},"f":{"0":169,"1":0,"2":0},"b":{}}
,"D:\\Users\\RIchard\\Documents\\Uni\\Inf\\Project\\ClickDeduce\\webapp\\scripts\\interface.ts": {"path":"D:\\Users\\RIchard\\Documents\\Uni\\Inf\\Project\\ClickDeduce\\webapp\\scripts\\interface.ts","statementMap":{"0":{"start":{"line":1,"column":0},"end":{"line":1,"column":47}},"1":{"start":{"line":2,"column":0},"end":{"line":2,"column":51}},"2":{"start":{"line":3,"column":0},"end":{"line":3,"column":49}},"3":{"start":{"line":4,"column":0},"end":{"line":4,"column":51}},"4":{"start":{"line":7,"column":11},"end":{"line":7,"column":48}},"5":{"start":{"line":8,"column":11},"end":{"line":8,"column":58}},"6":{"start":{"line":14,"column":4},"end":{"line":14,"column":38}},"7":{"start":{"line":15,"column":4},"end":{"line":15,"column":28}},"8":{"start":{"line":16,"column":4},"end":{"line":16,"column":74}},"9":{"start":{"line":18,"column":4},"end":{"line":18,"column":62}},"10":{"start":{"line":19,"column":4},"end":{"line":19,"column":57}},"11":{"start":{"line":20,"column":4},"end":{"line":20,"column":74}},"12":{"start":{"line":13,"column":0},"end":{"line":13,"column":16}},"13":{"start":{"line":32,"column":8},"end":{"line":32,"column":9}},"14":{"start":{"line":33,"column":8},"end":{"line":33,"column":34}},"15":{"start":{"line":34,"column":15},"end":{"line":34,"column":16}},"16":{"start":{"line":35,"column":8},"end":{"line":35,"column":27}},"17":{"start":{"line":36,"column":8},"end":{"line":36,"column":36}},"18":{"start":{"line":37,"column":8},"end":{"line":37,"column":45}},"19":{"start":{"line":31,"column":0},"end":{"line":31,"column":22}},"20":{"start":{"line":46,"column":4},"end":{"line":67,"column":5}},"21":{"start":{"line":47,"column":8},"end":{"line":47,"column":27}},"22":{"start":{"line":48,"column":14},"end":{"line":48,"column":112}},"23":{"start":{"line":48,"column":74},"end":{"line":48,"column":111}},"24":{"start":{"line":49,"column":14},"end":{"line":49,"column":80}},"25":{"start":{"line":50,"column":12},"end":{"line":50,"column":72}},"26":{"start":{"line":51,"column":8},"end":{"line":55,"column":9}},"27":{"start":{"line":52,"column":12},"end":{"line":52,"column":33}},"28":{"start":{"line":54,"column":12},"end":{"line":54,"column":33}},"29":{"start":{"line":56,"column":8},"end":{"line":60,"column":9}},"30":{"start":{"line":57,"column":12},"end":{"line":57,"column":59}},"31":{"start":{"line":58,"column":15},"end":{"line":60,"column":9}},"32":{"start":{"line":59,"column":12},"end":{"line":59,"column":32}},"33":{"start":{"line":61,"column":8},"end":{"line":61,"column":62}},"34":{"start":{"line":62,"column":8},"end":{"line":62,"column":33}},"35":{"start":{"line":63,"column":8},"end":{"line":65,"column":9}},"36":{"start":{"line":64,"column":12},"end":{"line":64,"column":38}},"37":{"start":{"line":45,"column":0},"end":{"line":45,"column":22}},"38":{"start":{"line":76,"column":4},"end":{"line":76,"column":72}},"39":{"start":{"line":77,"column":4},"end":{"line":77,"column":38}},"40":{"start":{"line":75,"column":0},"end":{"line":75,"column":16}},"41":{"start":{"line":85,"column":30},"end":{"line":85,"column":38}},"42":{"start":{"line":86,"column":4},"end":{"line":89,"column":5}},"43":{"start":{"line":88,"column":8},"end":{"line":88,"column":22}},"44":{"start":{"line":91,"column":4},"end":{"line":93,"column":5}},"45":{"start":{"line":92,"column":8},"end":{"line":92,"column":38}},"46":{"start":{"line":95,"column":4},"end":{"line":106,"column":5}},"47":{"start":{"line":96,"column":8},"end":{"line":96,"column":27}},"48":{"start":{"line":98,"column":8},"end":{"line":98,"column":44}},"49":{"start":{"line":100,"column":21},"end":{"line":100,"column":67}},"50":{"start":{"line":101,"column":8},"end":{"line":101,"column":37}},"51":{"start":{"line":102,"column":8},"end":{"line":102,"column":41}},"52":{"start":{"line":103,"column":8},"end":{"line":103,"column":40}},"53":{"start":{"line":105,"column":8},"end":{"line":105,"column":28}},"54":{"start":{"line":114,"column":4},"end":{"line":114,"column":74}},"55":{"start":{"line":115,"column":4},"end":{"line":117,"column":5}},"56":{"start":{"line":116,"column":8},"end":{"line":116,"column":25}},"57":{"start":{"line":124,"column":35},"end":{"line":124,"column":76}},"58":{"start":{"line":125,"column":34},"end":{"line":125,"column":50}},"59":{"start":{"line":127,"column":31},"end":{"line":127,"column":79}},"60":{"start":{"line":128,"column":32},"end":{"line":128,"column":82}},"61":{"start":{"line":130,"column":29},"end":{"line":130,"column":62}},"62":{"start":{"line":132,"column":4},"end":{"line":132,"column":33}},"63":{"start":{"line":133,"column":4},"end":{"line":133,"column":44}},"64":{"start":{"line":123,"column":0},"end":{"line":123,"column":16}},"65":{"start":{"line":144,"column":4},"end":{"line":144,"column":41}},"66":{"start":{"line":145,"column":4},"end":{"line":145,"column":38}},"67":{"start":{"line":146,"column":4},"end":{"line":146,"column":42}},"68":{"start":{"line":147,"column":4},"end":{"line":150,"column":13}},"69":{"start":{"line":148,"column":8},"end":{"line":148,"column":43}},"70":{"start":{"line":149,"column":8},"end":{"line":149,"column":45}},"71":{"start":{"line":143,"column":0},"end":{"line":143,"column":16}}},"fnMap":{"0":{"name":"resetInterfaceGlobals","decl":{"start":{"line":13,"column":16},"end":{"line":13,"column":37}},"loc":{"start":{"line":13,"column":37},"end":{"line":21,"column":1}}},"1":{"name":"handleKeyDown","decl":{"start":{"line":31,"column":22},"end":{"line":31,"column":35}},"loc":{"start":{"line":31,"column":52},"end":{"line":39,"column":null}}},"2":{"name":"handleTabPressed","decl":{"start":{"line":45,"column":22},"end":{"line":45,"column":38}},"loc":{"start":{"line":45,"column":55},"end":{"line":68,"column":null}}},"3":{"name":"(anonymous_20)","decl":{"start":{"line":48,"column":65},"end":{"line":48,"column":70}},"loc":{"start":{"line":48,"column":70},"end":{"line":48,"column":79}}},"4":{"name":"clearHighlight","decl":{"start":{"line":75,"column":16},"end":{"line":75,"column":30}},"loc":{"start":{"line":75,"column":30},"end":{"line":78,"column":1}}},"5":{"name":"openContextMenu","decl":{"start":{"line":84,"column":9},"end":{"line":84,"column":24}},"loc":{"start":{"line":84,"column":38},"end":{"line":107,"column":1}}},"6":{"name":"closeContextMenu","decl":{"start":{"line":113,"column":9},"end":{"line":113,"column":25}},"loc":{"start":{"line":113,"column":39},"end":{"line":118,"column":1}}},"7":{"name":"zoomToFit","decl":{"start":{"line":123,"column":16},"end":{"line":123,"column":25}},"loc":{"start":{"line":123,"column":25},"end":{"line":134,"column":1}}},"8":{"name":"displayError","decl":{"start":{"line":143,"column":16},"end":{"line":143,"column":28}},"loc":{"start":{"line":143,"column":39},"end":{"line":151,"column":1}}},"9":{"name":"(anonymous_26)","decl":{"start":{"line":147,"column":15},"end":{"line":147,"column":null}},"loc":{"start":{"line":147,"column":15},"end":{"line":150,"column":5}}}},"branchMap":{"0":{"loc":{"start":{"line":32,"column":8},"end":{"line":32,"column":9}},"type":"if","locations":[{"start":{"line":32,"column":8},"end":{"line":32,"column":9}}]},"1":{"loc":{"start":{"line":32,"column":8},"end":{"line":32,"column":106}},"type":"binary-expr","locations":[{"start":{"line":32,"column":8},"end":{"line":32,"column":23}},{"start":{"line":32,"column":28},"end":{"line":32,"column":64}},{"start":{"line":32,"column":68},"end":{"line":32,"column":105}}]},"2":{"loc":{"start":{"line":34,"column":15},"end":{"line":34,"column":16}},"type":"if","locations":[{"start":{"line":34,"column":15},"end":{"line":34,"column":16}}]},"3":{"loc":{"start":{"line":34,"column":15},"end":{"line":34,"column":72}},"type":"binary-expr","locations":[{"start":{"line":34,"column":15},"end":{"line":34,"column":32}},{"start":{"line":34,"column":36},"end":{"line":34,"column":72}}]},"4":{"loc":{"start":{"line":46,"column":4},"end":{"line":67,"column":5}},"type":"if","locations":[{"start":{"line":46,"column":4},"end":{"line":67,"column":5}}]},"5":{"loc":{"start":{"line":46,"column":8},"end":{"line":46,"column":106}},"type":"binary-expr","locations":[{"start":{"line":46,"column":8},"end":{"line":46,"column":23}},{"start":{"line":46,"column":28},"end":{"line":46,"column":64}},{"start":{"line":46,"column":68},"end":{"line":46,"column":105}}]},"6":{"loc":{"start":{"line":51,"column":8},"end":{"line":55,"column":9}},"type":"if","locations":[{"start":{"line":51,"column":8},"end":{"line":55,"column":9}},{"start":{"line":53,"column":15},"end":{"line":55,"column":9}}]},"7":{"loc":{"start":{"line":56,"column":8},"end":{"line":60,"column":9}},"type":"if","locations":[{"start":{"line":56,"column":8},"end":{"line":60,"column":9}},{"start":{"line":58,"column":15},"end":{"line":60,"column":9}}]},"8":{"loc":{"start":{"line":58,"column":15},"end":{"line":60,"column":9}},"type":"if","locations":[{"start":{"line":58,"column":15},"end":{"line":60,"column":9}}]},"9":{"loc":{"start":{"line":63,"column":8},"end":{"line":65,"column":9}},"type":"if","locations":[{"start":{"line":63,"column":8},"end":{"line":65,"column":9}}]},"10":{"loc":{"start":{"line":76,"column":4},"end":{"line":76,"column":71}},"type":"cond-expr","locations":[{"start":{"line":76,"column":40},"end":{"line":76,"column":42}},{"start":{"line":76,"column":40},"end":{"line":76,"column":71}}]},"11":{"loc":{"start":{"line":76,"column":4},"end":{"line":76,"column":42}},"type":"binary-expr","locations":[{"start":{"line":76,"column":4},"end":{"line":76,"column":42}},{"start":{"line":76,"column":40},"end":{"line":76,"column":42}}]},"12":{"loc":{"start":{"line":86,"column":4},"end":{"line":89,"column":5}},"type":"if","locations":[{"start":{"line":86,"column":4},"end":{"line":89,"column":5}}]},"13":{"loc":{"start":{"line":91,"column":11},"end":{"line":91,"column":83}},"type":"binary-expr","locations":[{"start":{"line":91,"column":11},"end":{"line":91,"column":40}},{"start":{"line":91,"column":44},"end":{"line":91,"column":83}}]},"14":{"loc":{"start":{"line":95,"column":4},"end":{"line":106,"column":5}},"type":"if","locations":[{"start":{"line":95,"column":4},"end":{"line":106,"column":5}},{"start":{"line":104,"column":11},"end":{"line":106,"column":5}}]},"15":{"loc":{"start":{"line":95,"column":8},"end":{"line":95,"column":95}},"type":"binary-expr","locations":[{"start":{"line":95,"column":8},"end":{"line":95,"column":14}},{"start":{"line":95,"column":18},"end":{"line":95,"column":47}},{"start":{"line":95,"column":51},"end":{"line":95,"column":95}}]},"16":{"loc":{"start":{"line":115,"column":4},"end":{"line":117,"column":5}},"type":"if","locations":[{"start":{"line":115,"column":4},"end":{"line":117,"column":5}}]}},"s":{"0":6,"1":6,"2":6,"3":6,"4":6,"5":6,"6":169,"7":169,"8":169,"9":169,"10":169,"11":169,"12":6,"13":22,"14":36,"15":2,"16":2,"17":2,"18":4,"19":6,"20":18,"21":18,"22":18,"23":70,"24":18,"25":18,"26":18,"27":8,"28":10,"29":18,"30":2,"31":16,"32":2,"33":18,"34":18,"35":18,"36":16,"37":6,"38":21,"39":21,"40":6,"41":26,"42":26,"43":3,"44":26,"45":0,"46":26,"47":23,"48":23,"49":23,"50":23,"51":23,"52":23,"53":3,"54":49,"55":49,"56":20,"57":0,"58":0,"59":0,"60":0,"61":0,"62":0,"63":0,"64":6,"65":5,"66":5,"67":5,"68":5,"69":1,"70":1,"71":6},"f":{"0":169,"1":20,"2":18,"3":70,"4":21,"5":26,"6":49,"7":0,"8":5,"9":1},"b":{"0":[2],"1":[20,18,2],"2":[0],"3":[2,2],"4":[18],"5":[18,18,2],"6":[8,10],"7":[2,16],"8":[2],"9":[16],"10":[0,21],"11":[21,21],"12":[3],"13":[26,23],"14":[23,3],"15":[26,23,23],"16":[20]}}
,"D:\\Users\\RIchard\\Documents\\Uni\\Inf\\Project\\ClickDeduce\\webapp\\scripts\\treeManipulation.ts": {"path":"D:\\Users\\RIchard\\Documents\\Uni\\Inf\\Project\\ClickDeduce\\webapp\\scripts\\treeManipulation.ts","statementMap":{"0":{"start":{"line":1,"column":0},"end":{"line":1,"column":34}},"1":{"start":{"line":2,"column":0},"end":{"line":2,"column":49}},"2":{"start":{"line":3,"column":0},"end":{"line":3,"column":80}},"3":{"start":{"line":4,"column":0},"end":{"line":4,"column":86}},"4":{"start":{"line":6,"column":86},"end":{"line":6,"column":88}},"5":{"start":{"line":7,"column":11},"end":{"line":7,"column":40}},"6":{"start":{"line":14,"column":11},"end":{"line":14,"column":44}},"7":{"start":{"line":15,"column":11},"end":{"line":15,"column":50}},"8":{"start":{"line":17,"column":11},"end":{"line":17,"column":39}},"9":{"start":{"line":23,"column":4},"end":{"line":23,"column":21}},"10":{"start":{"line":24,"column":4},"end":{"line":24,"column":25}},"11":{"start":{"line":25,"column":4},"end":{"line":25,"column":76}},"12":{"start":{"line":26,"column":4},"end":{"line":26,"column":76}},"13":{"start":{"line":27,"column":4},"end":{"line":27,"column":22}},"14":{"start":{"line":28,"column":4},"end":{"line":28,"column":23}},"15":{"start":{"line":29,"column":4},"end":{"line":29,"column":24}},"16":{"start":{"line":31,"column":4},"end":{"line":31,"column":28}},"17":{"start":{"line":33,"column":4},"end":{"line":33,"column":77}},"18":{"start":{"line":34,"column":4},"end":{"line":38,"column":5}},"19":{"start":{"line":34,"column":15},"end":{"line":34,"column":24}},"20":{"start":{"line":35,"column":8},"end":{"line":37,"column":11}},"21":{"start":{"line":36,"column":12},"end":{"line":36,"column":48}},"22":{"start":{"line":40,"column":4},"end":{"line":42,"column":7}},"23":{"start":{"line":41,"column":8},"end":{"line":41,"column":85}},"24":{"start":{"line":22,"column":0},"end":{"line":22,"column":22}},"25":{"start":{"line":49,"column":10},"end":{"line":49,"column":113}},"26":{"start":{"line":51,"column":4},"end":{"line":62,"column":7}},"27":{"start":{"line":53,"column":24},"end":{"line":53,"column":40}},"28":{"start":{"line":54,"column":8},"end":{"line":54,"column":72}},"29":{"start":{"line":56,"column":42},"end":{"line":56,"column":82}},"30":{"start":{"line":57,"column":8},"end":{"line":61,"column":null}},"31":{"start":{"line":58,"column":12},"end":{"line":60,"column":13}},"32":{"start":{"line":59,"column":16},"end":{"line":59,"column":52}},"33":{"start":{"line":76,"column":103},"end":{"line":76,"column":null}},"34":{"start":{"line":77,"column":4},"end":{"line":77,"column":33}},"35":{"start":{"line":78,"column":4},"end":{"line":78,"column":35}},"36":{"start":{"line":79,"column":4},"end":{"line":79,"column":18}},"37":{"start":{"line":80,"column":4},"end":{"line":92,"column":5}},"38":{"start":{"line":82,"column":8},"end":{"line":84,"column":9}},"39":{"start":{"line":83,"column":12},"end":{"line":83,"column":69}},"40":{"start":{"line":85,"column":91},"end":{"line":90,"column":10}},"41":{"start":{"line":91,"column":8},"end":{"line":91,"column":58}},"42":{"start":{"line":93,"column":4},"end":{"line":93,"column":28}},"43":{"start":{"line":94,"column":4},"end":{"line":94,"column":29}},"44":{"start":{"line":95,"column":4},"end":{"line":97,"column":7}},"45":{"start":{"line":96,"column":8},"end":{"line":96,"column":49}},"46":{"start":{"line":98,"column":4},"end":{"line":98,"column":30}},"47":{"start":{"line":76,"column":0},"end":{"line":76,"column":16}},"48":{"start":{"line":108,"column":4},"end":{"line":108,"column":24}},"49":{"start":{"line":109,"column":4},"end":{"line":109,"column":27}},"50":{"start":{"line":110,"column":4},"end":{"line":110,"column":33}},"51":{"start":{"line":111,"column":4},"end":{"line":111,"column":32}},"52":{"start":{"line":112,"column":4},"end":{"line":112,"column":30}},"53":{"start":{"line":120,"column":4},"end":{"line":124,"column":5}},"54":{"start":{"line":121,"column":8},"end":{"line":121,"column":43}},"55":{"start":{"line":122,"column":22},"end":{"line":122,"column":50}},"56":{"start":{"line":123,"column":8},"end":{"line":123,"column":80}},"57":{"start":{"line":119,"column":0},"end":{"line":119,"column":16}},"58":{"start":{"line":131,"column":4},"end":{"line":131,"column":48}},"59":{"start":{"line":132,"column":4},"end":{"line":132,"column":69}},"60":{"start":{"line":130,"column":0},"end":{"line":130,"column":16}},"61":{"start":{"line":141,"column":4},"end":{"line":164,"column":7}},"62":{"start":{"line":142,"column":8},"end":{"line":155,"column":11}},"63":{"start":{"line":144,"column":12},"end":{"line":144,"column":36}},"64":{"start":{"line":145,"column":40},"end":{"line":145,"column":59}},"65":{"start":{"line":148,"column":12},"end":{"line":154,"column":13}},"66":{"start":{"line":149,"column":16},"end":{"line":149,"column":102}},"67":{"start":{"line":149,"column":68},"end":{"line":149,"column":101}},"68":{"start":{"line":150,"column":16},"end":{"line":153,"column":17}},"69":{"start":{"line":152,"column":20},"end":{"line":152,"column":54}},"70":{"start":{"line":156,"column":8},"end":{"line":163,"column":11}},"71":{"start":{"line":158,"column":12},"end":{"line":158,"column":36}},"72":{"start":{"line":160,"column":12},"end":{"line":162,"column":13}},"73":{"start":{"line":161,"column":16},"end":{"line":161,"column":33}},"74":{"start":{"line":168,"column":4},"end":{"line":174,"column":7}},"75":{"start":{"line":169,"column":8},"end":{"line":173,"column":9}},"76":{"start":{"line":170,"column":12},"end":{"line":172,"column":null}},"77":{"start":{"line":171,"column":16},"end":{"line":171,"column":53}},"78":{"start":{"line":176,"column":4},"end":{"line":182,"column":7}},"79":{"start":{"line":177,"column":8},"end":{"line":181,"column":9}},"80":{"start":{"line":178,"column":12},"end":{"line":180,"column":null}},"81":{"start":{"line":179,"column":16},"end":{"line":179,"column":53}},"82":{"start":{"line":189,"column":4},"end":{"line":192,"column":7}},"83":{"start":{"line":190,"column":8},"end":{"line":190,"column":44}},"84":{"start":{"line":191,"column":8},"end":{"line":191,"column":44}},"85":{"start":{"line":199,"column":4},"end":{"line":204,"column":null}},"86":{"start":{"line":200,"column":8},"end":{"line":203,"column":9}},"87":{"start":{"line":201,"column":12},"end":{"line":201,"column":48}},"88":{"start":{"line":202,"column":12},"end":{"line":202,"column":48}},"89":{"start":{"line":213,"column":4},"end":{"line":213,"column":138}},"90":{"start":{"line":214,"column":4},"end":{"line":218,"column":null}},"91":{"start":{"line":215,"column":22},"end":{"line":215,"column":54}},"92":{"start":{"line":216,"column":22},"end":{"line":216,"column":54}},"93":{"start":{"line":217,"column":8},"end":{"line":217,"column":91}},"94":{"start":{"line":219,"column":4},"end":{"line":226,"column":null}},"95":{"start":{"line":220,"column":8},"end":{"line":220,"column":57}},"96":{"start":{"line":221,"column":8},"end":{"line":225,"column":9}},"97":{"start":{"line":222,"column":12},"end":{"line":222,"column":80}},"98":{"start":{"line":222,"column":51},"end":{"line":222,"column":79}},"99":{"start":{"line":223,"column":12},"end":{"line":223,"column":79}},"100":{"start":{"line":223,"column":50},"end":{"line":223,"column":78}},"101":{"start":{"line":224,"column":12},"end":{"line":224,"column":78}},"102":{"start":{"line":224,"column":49},"end":{"line":224,"column":77}},"103":{"start":{"line":230,"column":4},"end":{"line":230,"column":24}},"104":{"start":{"line":229,"column":0},"end":{"line":229,"column":16}},"105":{"start":{"line":237,"column":4},"end":{"line":241,"column":7}},"106":{"start":{"line":238,"column":8},"end":{"line":240,"column":9}},"107":{"start":{"line":239,"column":12},"end":{"line":239,"column":84}},"108":{"start":{"line":248,"column":4},"end":{"line":250,"column":5}},"109":{"start":{"line":249,"column":8},"end":{"line":249,"column":49}},"110":{"start":{"line":247,"column":0},"end":{"line":247,"column":16}},"111":{"start":{"line":257,"column":4},"end":{"line":259,"column":5}},"112":{"start":{"line":258,"column":8},"end":{"line":258,"column":49}},"113":{"start":{"line":256,"column":0},"end":{"line":256,"column":16}},"114":{"start":{"line":270,"column":29},"end":{"line":270,"column":30}},"115":{"start":{"line":271,"column":4},"end":{"line":271,"column":78}}},"fnMap":{"0":{"name":"resetTreeManipulation","decl":{"start":{"line":22,"column":22},"end":{"line":22,"column":43}},"loc":{"start":{"line":22,"column":43},"end":{"line":43,"column":null}}},"1":{"name":"(anonymous_16)","decl":{"start":{"line":35,"column":41},"end":{"line":35,"column":null}},"loc":{"start":{"line":35,"column":41},"end":{"line":37,"column":9}}},"2":{"name":"(anonymous_17)","decl":{"start":{"line":40,"column":34},"end":{"line":40,"column":null}},"loc":{"start":{"line":40,"column":34},"end":{"line":42,"column":5}}},"3":{"name":"loadLangSelector","decl":{"start":{"line":48,"column":15},"end":{"line":48,"column":31}},"loc":{"start":{"line":48,"column":31},"end":{"line":63,"column":null}}},"4":{"name":"(anonymous_21)","decl":{"start":{"line":53,"column":12},"end":{"line":53,"column":20}},"loc":{"start":{"line":53,"column":20},"end":{"line":53,"column":32}}},"5":{"name":"(anonymous_22)","decl":{"start":{"line":53,"column":46},"end":{"line":53,"column":58}},"loc":{"start":{"line":53,"column":58},"end":{"line":55,"column":5}}},"6":{"name":"(anonymous_23)","decl":{"start":{"line":55,"column":12},"end":{"line":55,"column":null}},"loc":{"start":{"line":55,"column":12},"end":{"line":62,"column":5}}},"7":{"name":"(anonymous_24)","decl":{"start":{"line":57,"column":48},"end":{"line":57,"column":null}},"loc":{"start":{"line":57,"column":48},"end":{"line":61,"column":9}}},"8":{"name":"updateTree","decl":{"start":{"line":76,"column":16},"end":{"line":76,"column":26}},"loc":{"start":{"line":76,"column":132},"end":{"line":99,"column":1}}},"9":{"name":"(anonymous_26)","decl":{"start":{"line":95,"column":23},"end":{"line":95,"column":28}},"loc":{"start":{"line":95,"column":28},"end":{"line":97,"column":5}}},"10":{"name":"treeCleanup","decl":{"start":{"line":107,"column":9},"end":{"line":107,"column":20}},"loc":{"start":{"line":107,"column":20},"end":{"line":113,"column":1}}},"11":{"name":"useTreeFromHistory","decl":{"start":{"line":119,"column":16},"end":{"line":119,"column":34}},"loc":{"start":{"line":119,"column":58},"end":{"line":125,"column":1}}},"12":{"name":"updateUndoRedoButtons","decl":{"start":{"line":130,"column":16},"end":{"line":130,"column":37}},"loc":{"start":{"line":130,"column":37},"end":{"line":133,"column":1}}},"13":{"name":"addHoverListeners","decl":{"start":{"line":140,"column":9},"end":{"line":140,"column":26}},"loc":{"start":{"line":140,"column":26},"end":{"line":165,"column":1}}},"14":{"name":"(anonymous_31)","decl":{"start":{"line":141,"column":50},"end":{"line":141,"column":53}},"loc":{"start":{"line":141,"column":53},"end":{"line":164,"column":5}}},"15":{"name":"(anonymous_32)","decl":{"start":{"line":142,"column":42},"end":{"line":142,"column":43}},"loc":{"start":{"line":142,"column":48},"end":{"line":155,"column":9}}},"16":{"name":"(anonymous_33)","decl":{"start":{"line":149,"column":62},"end":{"line":149,"column":64}},"loc":{"start":{"line":149,"column":64},"end":{"line":149,"column":70}}},"17":{"name":"(anonymous_34)","decl":{"start":{"line":156,"column":41},"end":{"line":156,"column":42}},"loc":{"start":{"line":156,"column":47},"end":{"line":163,"column":9}}},"18":{"name":"addDropdownListeners","decl":{"start":{"line":167,"column":9},"end":{"line":167,"column":29}},"loc":{"start":{"line":167,"column":29},"end":{"line":183,"column":1}}},"19":{"name":"(anonymous_36)","decl":{"start":{"line":168,"column":56},"end":{"line":168,"column":62}},"loc":{"start":{"line":168,"column":62},"end":{"line":174,"column":5}}},"20":{"name":"(anonymous_37)","decl":{"start":{"line":170,"column":46},"end":{"line":170,"column":47}},"loc":{"start":{"line":170,"column":52},"end":{"line":172,"column":13}}},"21":{"name":"(anonymous_38)","decl":{"start":{"line":176,"column":56},"end":{"line":176,"column":62}},"loc":{"start":{"line":176,"column":62},"end":{"line":182,"column":5}}},"22":{"name":"(anonymous_39)","decl":{"start":{"line":178,"column":46},"end":{"line":178,"column":47}},"loc":{"start":{"line":178,"column":52},"end":{"line":180,"column":13}}},"23":{"name":"makeOrphanedInputsReadOnly","decl":{"start":{"line":188,"column":9},"end":{"line":188,"column":35}},"loc":{"start":{"line":188,"column":35},"end":{"line":193,"column":1}}},"24":{"name":"(anonymous_41)","decl":{"start":{"line":189,"column":111},"end":{"line":189,"column":113}},"loc":{"start":{"line":189,"column":113},"end":{"line":192,"column":5}}},"25":{"name":"makePhantomInputsReadOnly","decl":{"start":{"line":198,"column":9},"end":{"line":198,"column":34}},"loc":{"start":{"line":198,"column":34},"end":{"line":205,"column":1}}},"26":{"name":"(anonymous_43)","decl":{"start":{"line":199,"column":67},"end":{"line":199,"column":69}},"loc":{"start":{"line":199,"column":69},"end":{"line":204,"column":5}}},"27":{"name":"updateActiveInputsList","decl":{"start":{"line":212,"column":9},"end":{"line":212,"column":31}},"loc":{"start":{"line":212,"column":31},"end":{"line":227,"column":1}}},"28":{"name":"(anonymous_45)","decl":{"start":{"line":214,"column":22},"end":{"line":214,"column":23}},"loc":{"start":{"line":214,"column":27},"end":{"line":218,"column":5}}},"29":{"name":"(anonymous_46)","decl":{"start":{"line":219,"column":25},"end":{"line":219,"column":30}},"loc":{"start":{"line":219,"column":30},"end":{"line":226,"column":5}}},"30":{"name":"(anonymous_47)","decl":{"start":{"line":222,"column":45},"end":{"line":222,"column":51}},"loc":{"start":{"line":222,"column":45},"end":{"line":222,"column":71}}},"31":{"name":"(anonymous_48)","decl":{"start":{"line":223,"column":44},"end":{"line":223,"column":50}},"loc":{"start":{"line":223,"column":44},"end":{"line":223,"column":70}}},"32":{"name":"(anonymous_49)","decl":{"start":{"line":224,"column":43},"end":{"line":224,"column":49}},"loc":{"start":{"line":224,"column":43},"end":{"line":224,"column":69}}},"33":{"name":"getActiveInputs","decl":{"start":{"line":229,"column":16},"end":{"line":229,"column":31}},"loc":{"start":{"line":229,"column":31},"end":{"line":231,"column":1}}},"34":{"name":"setLiteralInitialValues","decl":{"start":{"line":236,"column":9},"end":{"line":236,"column":32}},"loc":{"start":{"line":236,"column":32},"end":{"line":242,"column":1}}},"35":{"name":"(anonymous_52)","decl":{"start":{"line":237,"column":63},"end":{"line":237,"column":68}},"loc":{"start":{"line":237,"column":68},"end":{"line":241,"column":5}}},"36":{"name":"undo","decl":{"start":{"line":247,"column":16},"end":{"line":247,"column":20}},"loc":{"start":{"line":247,"column":20},"end":{"line":251,"column":1}}},"37":{"name":"redo","decl":{"start":{"line":256,"column":16},"end":{"line":256,"column":20}},"loc":{"start":{"line":256,"column":20},"end":{"line":260,"column":1}}},"38":{"name":"updateTextInputWidth","decl":{"start":{"line":269,"column":9},"end":{"line":269,"column":29}},"loc":{"start":{"line":269,"column":57},"end":{"line":272,"column":1}}}},"branchMap":{"0":{"loc":{"start":{"line":58,"column":12},"end":{"line":60,"column":13}},"type":"if","locations":[{"start":{"line":58,"column":12},"end":{"line":60,"column":13}}]},"1":{"loc":{"start":{"line":76,"column":103},"end":{"line":76,"column":null}},"type":"if","locations":[{"start":{"line":76,"column":103},"end":{"line":76,"column":null}}]},"2":{"loc":{"start":{"line":80,"column":4},"end":{"line":92,"column":5}},"type":"if","locations":[{"start":{"line":80,"column":4},"end":{"line":92,"column":5}}]},"3":{"loc":{"start":{"line":80,"column":8},"end":{"line":81,"column":123}},"type":"binary-expr","locations":[{"start":{"line":80,"column":8},"end":{"line":80,"column":20}},{"start":{"line":80,"column":25},"end":{"line":80,"column":49}},{"start":{"line":81,"column":9},"end":{"line":81,"column":59}},{"start":{"line":81,"column":63},"end":{"line":81,"column":121}}]},"4":{"loc":{"start":{"line":82,"column":8},"end":{"line":84,"column":9}},"type":"if","locations":[{"start":{"line":82,"column":8},"end":{"line":84,"column":9}}]},"5":{"loc":{"start":{"line":120,"column":4},"end":{"line":124,"column":5}},"type":"if","locations":[{"start":{"line":120,"column":4},"end":{"line":124,"column":5}}]},"6":{"loc":{"start":{"line":120,"column":8},"end":{"line":120,"column":68}},"type":"binary-expr","locations":[{"start":{"line":120,"column":8},"end":{"line":120,"column":28}},{"start":{"line":120,"column":32},"end":{"line":120,"column":68}}]},"7":{"loc":{"start":{"line":148,"column":12},"end":{"line":154,"column":13}},"type":"if","locations":[{"start":{"line":148,"column":12},"end":{"line":154,"column":13}}]},"8":{"loc":{"start":{"line":150,"column":16},"end":{"line":153,"column":17}},"type":"if","locations":[{"start":{"line":150,"column":16},"end":{"line":153,"column":17}}]},"9":{"loc":{"start":{"line":160,"column":12},"end":{"line":162,"column":13}},"type":"if","locations":[{"start":{"line":160,"column":12},"end":{"line":162,"column":13}}]},"10":{"loc":{"start":{"line":169,"column":8},"end":{"line":173,"column":9}},"type":"if","locations":[{"start":{"line":169,"column":8},"end":{"line":173,"column":9}}]},"11":{"loc":{"start":{"line":177,"column":8},"end":{"line":181,"column":9}},"type":"if","locations":[{"start":{"line":177,"column":8},"end":{"line":181,"column":9}}]},"12":{"loc":{"start":{"line":200,"column":8},"end":{"line":203,"column":9}},"type":"if","locations":[{"start":{"line":200,"column":8},"end":{"line":203,"column":9}}]},"13":{"loc":{"start":{"line":200,"column":12},"end":{"line":200,"column":80}},"type":"binary-expr","locations":[{"start":{"line":200,"column":12},"end":{"line":200,"column":37}},{"start":{"line":200,"column":41},"end":{"line":200,"column":80}}]},"14":{"loc":{"start":{"line":221,"column":8},"end":{"line":225,"column":9}},"type":"if","locations":[{"start":{"line":221,"column":8},"end":{"line":225,"column":9}}]},"15":{"loc":{"start":{"line":238,"column":8},"end":{"line":240,"column":9}},"type":"if","locations":[{"start":{"line":238,"column":8},"end":{"line":240,"column":9}}]},"16":{"loc":{"start":{"line":248,"column":4},"end":{"line":250,"column":5}},"type":"if","locations":[{"start":{"line":248,"column":4},"end":{"line":250,"column":5}}]},"17":{"loc":{"start":{"line":248,"column":8},"end":{"line":248,"column":70}},"type":"binary-expr","locations":[{"start":{"line":248,"column":8},"end":{"line":248,"column":29}},{"start":{"line":248,"column":33},"end":{"line":248,"column":70}}]},"18":{"loc":{"start":{"line":257,"column":4},"end":{"line":259,"column":5}},"type":"if","locations":[{"start":{"line":257,"column":4},"end":{"line":259,"column":5}}]},"19":{"loc":{"start":{"line":257,"column":8},"end":{"line":257,"column":74}},"type":"binary-expr","locations":[{"start":{"line":257,"column":8},"end":{"line":257,"column":29}},{"start":{"line":257,"column":33},"end":{"line":257,"column":74}}]}},"s":{"0":6,"1":6,"2":6,"3":6,"4":6,"5":6,"6":6,"7":6,"8":6,"9":169,"10":169,"11":169,"12":169,"13":169,"14":169,"15":169,"16":169,"17":169,"18":169,"19":507,"20":507,"21":6,"22":338,"23":169,"24":6,"25":169,"26":338,"27":169,"28":169,"29":169,"30":169,"31":21,"32":20,"33":347,"34":347,"35":347,"36":347,"37":347,"38":311,"39":5,"40":311,"41":311,"42":347,"43":347,"44":347,"45":1041,"46":347,"47":6,"48":347,"49":347,"50":347,"51":347,"52":347,"53":24,"54":24,"55":24,"56":24,"57":6,"58":516,"59":516,"60":6,"61":347,"62":767,"63":29,"64":29,"65":29,"66":26,"67":78,"68":26,"69":26,"70":767,"71":2,"72":2,"73":1,"74":347,"75":620,"76":620,"77":16,"78":347,"79":9,"80":9,"81":0,"82":347,"83":220,"84":220,"85":347,"86":1035,"87":4,"88":4,"89":347,"90":347,"91":229,"92":229,"93":229,"94":347,"95":545,"96":545,"97":186,"98":29,"99":186,"100":2,"101":186,"102":16,"103":54,"104":6,"105":347,"106":187,"107":187,"108":15,"109":15,"110":6,"111":4,"112":4,"113":6,"114":2,"115":2},"f":{"0":169,"1":6,"2":169,"3":169,"4":169,"5":169,"6":169,"7":21,"8":347,"9":1041,"10":347,"11":24,"12":516,"13":347,"14":767,"15":29,"16":78,"17":2,"18":347,"19":620,"20":16,"21":9,"22":0,"23":347,"24":220,"25":347,"26":1035,"27":347,"28":229,"29":545,"30":29,"31":2,"32":16,"33":54,"34":347,"35":187,"36":15,"37":4,"38":2},"b":{"0":[20],"1":[0],"2":[311],"3":[347,323,235,12],"4":[5],"5":[24],"6":[24,24],"7":[26],"8":[26],"9":[1],"10":[620],"11":[9],"12":[4],"13":[1035,1035],"14":[186],"15":[187],"16":[15],"17":[15,15],"18":[4],"19":[4,4]}}
,"D:\\Users\\RIchard\\Documents\\Uni\\Inf\\Project\\ClickDeduce\\webapp\\scripts\\utils.ts": {"path":"D:\\Users\\RIchard\\Documents\\Uni\\Inf\\Project\\ClickDeduce\\webapp\\scripts\\utils.ts","statementMap":{"0":{"start":{"line":5,"column":26},"end":{"line":5,"column":105}},"1":{"start":{"line":6,"column":4},"end":{"line":8,"column":5}},"2":{"start":{"line":7,"column":8},"end":{"line":7,"column":35}},"3":{"start":{"line":9,"column":4},"end":{"line":9,"column":40}},"4":{"start":{"line":4,"column":0},"end":{"line":4,"column":16}},"5":{"start":{"line":16,"column":44},"end":{"line":16,"column":105}},"6":{"start":{"line":17,"column":4},"end":{"line":17,"column":30}},"7":{"start":{"line":15,"column":0},"end":{"line":15,"column":16}},"8":{"start":{"line":27,"column":4},"end":{"line":28,"column":94}},"9":{"start":{"line":26,"column":0},"end":{"line":26,"column":16}}},"fnMap":{"0":{"name":"getSelectedMode","decl":{"start":{"line":4,"column":16},"end":{"line":4,"column":31}},"loc":{"start":{"line":4,"column":31},"end":{"line":10,"column":1}}},"1":{"name":"getSelectedLanguage","decl":{"start":{"line":15,"column":16},"end":{"line":15,"column":35}},"loc":{"start":{"line":15,"column":35},"end":{"line":18,"column":1}}},"2":{"name":"hasClassOrParentHasClass","decl":{"start":{"line":26,"column":16},"end":{"line":26,"column":40}},"loc":{"start":{"line":26,"column":80},"end":{"line":29,"column":1}}}},"branchMap":{"0":{"loc":{"start":{"line":6,"column":4},"end":{"line":8,"column":5}},"type":"if","locations":[{"start":{"line":6,"column":4},"end":{"line":8,"column":5}}]},"1":{"loc":{"start":{"line":27,"column":11},"end":{"line":28,"column":93}},"type":"binary-expr","locations":[{"start":{"line":27,"column":11},"end":{"line":27,"column":48}},{"start":{"line":28,"column":9},"end":{"line":28,"column":30}},{"start":{"line":28,"column":34},"end":{"line":28,"column":92}}]}},"s":{"0":328,"1":328,"2":328,"3":0,"4":6,"5":416,"6":416,"7":6,"8":10044,"9":6},"f":{"0":328,"1":416,"2":10044},"b":{"0":[328],"1":[10044,10040,8986]}}
}
