{"D:\\Users\\RIchard\\Documents\\Uni\\Inf\\Project\\ClickDeduce\\webapp\\scripts\\ClickDeduceResponseError.ts": {"path":"D:\\Users\\RIchard\\Documents\\Uni\\Inf\\Project\\ClickDeduce\\webapp\\scripts\\ClickDeduceResponseError.ts","statementMap":{"0":{"start":{"line":1,"column":0},"end":{"line":1,"column":null}},"1":{"start":{"line":1,"column":46},"end":{"line":1,"column":51}},"2":{"start":{"line":3,"column":4},"end":{"line":3,"column":19}},"3":{"start":{"line":4,"column":4},"end":{"line":4,"column":43}},"4":{"start":{"line":5,"column":4},"end":{"line":5,"column":null}},"5":{"start":{"line":7,"column":0},"end":{"line":7,"column":null}},"6":{"start":{"line":1,"column":13},"end":{"line":1,"column":37}}},"fnMap":{"0":{"name":"(anonymous_6)","decl":{"start":{"line":1,"column":0},"end":{"line":1,"column":13}},"loc":{"start":{"line":1,"column":0},"end":{"line":7,"column":null}}},"1":{"name":"ClickDeduceResponseError","decl":{"start":{"line":2,"column":2},"end":{"line":2,"column":14}},"loc":{"start":{"line":2,"column":29},"end":{"line":6,"column":3}}}},"branchMap":{"0":{"loc":{"start":{"line":3,"column":4},"end":{"line":3,"column":19}},"type":"binary-expr","locations":[{"start":{"line":3,"column":4},"end":{"line":3,"column":18}},{"start":{"line":3,"column":18},"end":{"line":3,"column":19}}]}},"s":{"0":6,"1":6,"2":10,"3":10,"4":10,"5":6,"6":6},"f":{"0":6,"1":10},"b":{"0":[10,0]}}
,"D:\\Users\\RIchard\\Documents\\Uni\\Inf\\Project\\ClickDeduce\\webapp\\scripts\\actions.ts": {"path":"D:\\Users\\RIchard\\Documents\\Uni\\Inf\\Project\\ClickDeduce\\webapp\\scripts\\actions.ts","statementMap":{"0":{"start":{"line":1,"column":0},"end":{"line":1,"column":61}},"1":{"start":{"line":2,"column":0},"end":{"line":2,"column":68}},"2":{"start":{"line":3,"column":0},"end":{"line":3,"column":115}},"3":{"start":{"line":4,"column":0},"end":{"line":4,"column":87}},"4":{"start":{"line":6,"column":24},"end":{"line":6,"column":28}},"5":{"start":{"line":12,"column":4},"end":{"line":12,"column":21}},"6":{"start":{"line":11,"column":0},"end":{"line":11,"column":16}},"7":{"start":{"line":22,"column":4},"end":{"line":22,"column":27}},"8":{"start":{"line":25,"column":4},"end":{"line":35,"column":7}},"9":{"start":{"line":33,"column":24},"end":{"line":33,"column":40}},"10":{"start":{"line":34,"column":8},"end":{"line":34,"column":109}},"11":{"start":{"line":20,"column":0},"end":{"line":20,"column":22}},"12":{"start":{"line":46,"column":10},"end":{"line":46,"column":49}},"13":{"start":{"line":47,"column":10},"end":{"line":47,"column":70}},"14":{"start":{"line":49,"column":4},"end":{"line":51,"column":5}},"15":{"start":{"line":49,"column":33},"end":{"line":49,"column":35}},"16":{"start":{"line":49,"column":40},"end":{"line":49,"column":41}},"17":{"start":{"line":49,"column":46},"end":{"line":49,"column":90}},"18":{"start":{"line":50,"column":8},"end":{"line":50,"column":15}},"19":{"start":{"line":53,"column":8},"end":{"line":53,"column":39}},"20":{"start":{"line":54,"column":4},"end":{"line":56,"column":5}},"21":{"start":{"line":55,"column":8},"end":{"line":55,"column":74}},"22":{"start":{"line":58,"column":4},"end":{"line":69,"column":7}},"23":{"start":{"line":59,"column":8},"end":{"line":61,"column":9}},"24":{"start":{"line":60,"column":12},"end":{"line":60,"column":19}},"25":{"start":{"line":62,"column":42},"end":{"line":62,"column":105}},"26":{"start":{"line":63,"column":8},"end":{"line":68,"column":9}},"27":{"start":{"line":64,"column":12},"end":{"line":64,"column":35}},"28":{"start":{"line":65,"column":12},"end":{"line":67,"column":13}},"29":{"start":{"line":66,"column":16},"end":{"line":66,"column":40}},"30":{"start":{"line":45,"column":0},"end":{"line":45,"column":22}},"31":{"start":{"line":81,"column":10},"end":{"line":81,"column":49}},"32":{"start":{"line":82,"column":10},"end":{"line":82,"column":70}},"33":{"start":{"line":83,"column":10},"end":{"line":83,"column":72}},"34":{"start":{"line":86,"column":4},"end":{"line":92,"column":5}},"35":{"start":{"line":87,"column":8},"end":{"line":87,"column":40}},"36":{"start":{"line":88,"column":11},"end":{"line":92,"column":5}},"37":{"start":{"line":89,"column":8},"end":{"line":89,"column":40}},"38":{"start":{"line":91,"column":8},"end":{"line":91,"column":58}},"39":{"start":{"line":94,"column":4},"end":{"line":94,"column":63}},"40":{"start":{"line":80,"column":0},"end":{"line":80,"column":22}},"41":{"start":{"line":104,"column":4},"end":{"line":106,"column":5}},"42":{"start":{"line":105,"column":8},"end":{"line":105,"column":15}},"43":{"start":{"line":108,"column":10},"end":{"line":108,"column":47}},"44":{"start":{"line":109,"column":10},"end":{"line":109,"column":51}},"45":{"start":{"line":110,"column":4},"end":{"line":132,"column":7}},"46":{"start":{"line":120,"column":8},"end":{"line":124,"column":9}},"47":{"start":{"line":121,"column":12},"end":{"line":123,"column":15}},"48":{"start":{"line":122,"column":16},"end":{"line":122,"column":57}},"49":{"start":{"line":125,"column":8},"end":{"line":125,"column":24}},"50":{"start":{"line":126,"column":24},"end":{"line":126,"column":40}},"51":{"start":{"line":127,"column":8},"end":{"line":127,"column":null}},"52":{"start":{"line":129,"column":8},"end":{"line":129,"column":28}},"53":{"start":{"line":130,"column":8},"end":{"line":130,"column":45}},"54":{"start":{"line":131,"column":8},"end":{"line":131,"column":58}},"55":{"start":{"line":103,"column":0},"end":{"line":103,"column":22}},"56":{"start":{"line":143,"column":4},"end":{"line":143,"column":27}},"57":{"start":{"line":144,"column":8},"end":{"line":144,"column":34}},"58":{"start":{"line":145,"column":14},"end":{"line":145,"column":null}},"59":{"start":{"line":146,"column":8},"end":{"line":146,"column":null}},"60":{"start":{"line":142,"column":0},"end":{"line":142,"column":22}},"61":{"start":{"line":154,"column":4},"end":{"line":154,"column":76}},"62":{"start":{"line":153,"column":0},"end":{"line":153,"column":16}},"63":{"start":{"line":163,"column":8},"end":{"line":163,"column":17}},"64":{"start":{"line":164,"column":14},"end":{"line":164,"column":83}},"65":{"start":{"line":165,"column":8},"end":{"line":165,"column":62}},"66":{"start":{"line":162,"column":0},"end":{"line":162,"column":22}}},"fnMap":{"0":{"name":"resetCopyCache","decl":{"start":{"line":11,"column":16},"end":{"line":11,"column":30}},"loc":{"start":{"line":11,"column":30},"end":{"line":13,"column":1}}},"1":{"name":"handleSubmit","decl":{"start":{"line":20,"column":22},"end":{"line":20,"column":34}},"loc":{"start":{"line":20,"column":60},"end":{"line":36,"column":null}}},"2":{"name":"(anonymous_17)","decl":{"start":{"line":33,"column":12},"end":{"line":33,"column":20}},"loc":{"start":{"line":33,"column":20},"end":{"line":33,"column":32}}},"3":{"name":"(anonymous_18)","decl":{"start":{"line":33,"column":46},"end":{"line":33,"column":57}},"loc":{"start":{"line":33,"column":57},"end":{"line":35,"column":5}}},"4":{"name":"handleLiteralChanged","decl":{"start":{"line":45,"column":22},"end":{"line":45,"column":42}},"loc":{"start":{"line":45,"column":70},"end":{"line":70,"column":null}}},"5":{"name":"(anonymous_22)","decl":{"start":{"line":49,"column":27},"end":{"line":49,"column":28}},"loc":{"start":{"line":49,"column":41},"end":{"line":49,"column":50}}},"6":{"name":"(anonymous_23)","decl":{"start":{"line":58,"column":72},"end":{"line":58,"column":null}},"loc":{"start":{"line":58,"column":72},"end":{"line":69,"column":5}}},"7":{"name":"handleDropdownChange","decl":{"start":{"line":80,"column":22},"end":{"line":80,"column":42}},"loc":{"start":{"line":80,"column":84},"end":{"line":95,"column":null}}},"8":{"name":"runAction","decl":{"start":{"line":103,"column":22},"end":{"line":103,"column":31}},"loc":{"start":{"line":103,"column":86},"end":{"line":133,"column":null}}},"9":{"name":"(anonymous_30)","decl":{"start":{"line":119,"column":12},"end":{"line":119,"column":20}},"loc":{"start":{"line":119,"column":20},"end":{"line":126,"column":5}}},"10":{"name":"(anonymous_31)","decl":{"start":{"line":121,"column":40},"end":{"line":121,"column":44}},"loc":{"start":{"line":121,"column":44},"end":{"line":123,"column":13}}},"11":{"name":"(anonymous_32)","decl":{"start":{"line":126,"column":12},"end":{"line":126,"column":20}},"loc":{"start":{"line":126,"column":20},"end":{"line":126,"column":32}}},"12":{"name":"(anonymous_33)","decl":{"start":{"line":126,"column":46},"end":{"line":126,"column":57}},"loc":{"start":{"line":126,"column":57},"end":{"line":128,"column":5}}},"13":{"name":"(anonymous_34)","decl":{"start":{"line":128,"column":13},"end":{"line":128,"column":18}},"loc":{"start":{"line":128,"column":18},"end":{"line":132,"column":5}}},"14":{"name":"clearTreeNode","decl":{"start":{"line":142,"column":22},"end":{"line":142,"column":35}},"loc":{"start":{"line":142,"column":48},"end":{"line":148,"column":null}}},"15":{"name":"copyTreeNode","decl":{"start":{"line":153,"column":16},"end":{"line":153,"column":28}},"loc":{"start":{"line":153,"column":28},"end":{"line":155,"column":1}}},"16":{"name":"pasteTreeNode","decl":{"start":{"line":162,"column":22},"end":{"line":162,"column":35}},"loc":{"start":{"line":162,"column":35},"end":{"line":167,"column":null}}}},"branchMap":{"0":{"loc":{"start":{"line":49,"column":4},"end":{"line":51,"column":5}},"type":"if","locations":[{"start":{"line":49,"column":4},"end":{"line":51,"column":5}}]},"1":{"loc":{"start":{"line":49,"column":46},"end":{"line":49,"column":89}},"type":"binary-expr","locations":[{"start":{"line":49,"column":46},"end":{"line":49,"column":63}},{"start":{"line":49,"column":67},"end":{"line":49,"column":89}}]},"2":{"loc":{"start":{"line":54,"column":4},"end":{"line":56,"column":5}},"type":"if","locations":[{"start":{"line":54,"column":4},"end":{"line":56,"column":5}}]},"3":{"loc":{"start":{"line":59,"column":8},"end":{"line":61,"column":9}},"type":"if","locations":[{"start":{"line":59,"column":8},"end":{"line":61,"column":9}}]},"4":{"loc":{"start":{"line":63,"column":8},"end":{"line":68,"column":9}},"type":"if","locations":[{"start":{"line":63,"column":8},"end":{"line":68,"column":9}}]},"5":{"loc":{"start":{"line":63,"column":12},"end":{"line":63,"column":75}},"type":"binary-expr","locations":[{"start":{"line":63,"column":12},"end":{"line":63,"column":34}},{"start":{"line":63,"column":38},"end":{"line":63,"column":75}}]},"6":{"loc":{"start":{"line":65,"column":12},"end":{"line":67,"column":13}},"type":"if","locations":[{"start":{"line":65,"column":12},"end":{"line":67,"column":13}}]},"7":{"loc":{"start":{"line":86,"column":4},"end":{"line":92,"column":5}},"type":"if","locations":[{"start":{"line":86,"column":4},"end":{"line":92,"column":5}},{"start":{"line":88,"column":11},"end":{"line":92,"column":5}}]},"8":{"loc":{"start":{"line":88,"column":11},"end":{"line":92,"column":5}},"type":"if","locations":[{"start":{"line":88,"column":11},"end":{"line":92,"column":5}},{"start":{"line":90,"column":11},"end":{"line":92,"column":5}}]},"9":{"loc":{"start":{"line":104,"column":4},"end":{"line":106,"column":5}},"type":"if","locations":[{"start":{"line":104,"column":4},"end":{"line":106,"column":5}}]},"10":{"loc":{"start":{"line":120,"column":8},"end":{"line":124,"column":9}},"type":"if","locations":[{"start":{"line":120,"column":8},"end":{"line":124,"column":9}}]},"11":{"loc":{"start":{"line":144,"column":8},"end":{"line":144,"column":34}},"type":"if","locations":[{"start":{"line":144,"column":8},"end":{"line":144,"column":34}}]},"12":{"loc":{"start":{"line":163,"column":8},"end":{"line":163,"column":17}},"type":"if","locations":[{"start":{"line":163,"column":8},"end":{"line":163,"column":17}}]}},"s":{"0":6,"1":6,"2":6,"3":6,"4":6,"5":169,"6":6,"7":88,"8":176,"9":88,"10":88,"11":6,"12":74,"13":74,"14":74,"15":164,"16":164,"17":164,"18":17,"19":57,"20":57,"21":6,"22":114,"23":52,"24":46,"25":6,"26":6,"27":6,"28":6,"29":6,"30":6,"31":149,"32":149,"33":149,"34":149,"35":5,"36":144,"37":144,"38":0,"39":298,"40":6,"41":241,"42":1,"43":240,"44":240,"45":240,"46":240,"47":5,"48":5,"49":235,"50":235,"51":235,"52":5,"53":5,"54":5,"55":6,"56":2,"57":2,"58":2,"59":4,"60":6,"61":7,"62":6,"63":8,"64":6,"65":12,"66":6},"f":{"0":169,"1":88,"2":88,"3":88,"4":74,"5":164,"6":52,"7":149,"8":241,"9":240,"10":5,"11":235,"12":235,"13":5,"14":2,"15":7,"16":7},"b":{"0":[17],"1":[164,71],"2":[6],"3":[46],"4":[6],"5":[6,6],"6":[6],"7":[5,144],"8":[144,0],"9":[1],"10":[5],"11":[0],"12":[1]}}
,"D:\\Users\\RIchard\\Documents\\Uni\\Inf\\Project\\ClickDeduce\\webapp\\scripts\\initialise.ts": {"path":"D:\\Users\\RIchard\\Documents\\Uni\\Inf\\Project\\ClickDeduce\\webapp\\scripts\\initialise.ts","statementMap":{"0":{"start":{"line":1,"column":0},"end":{"line":1,"column":34}},"1":{"start":{"line":2,"column":0},"end":{"line":2,"column":null}},"2":{"start":{"line":11,"column":0},"end":{"line":11,"column":69}},"3":{"start":{"line":12,"column":0},"end":{"line":12,"column":79}},"4":{"start":{"line":13,"column":0},"end":{"line":13,"column":41}},"5":{"start":{"line":24,"column":4},"end":{"line":24,"column":28}},"6":{"start":{"line":25,"column":4},"end":{"line":25,"column":21}},"7":{"start":{"line":26,"column":4},"end":{"line":26,"column":34}},"8":{"start":{"line":28,"column":4},"end":{"line":28,"column":61}},"9":{"start":{"line":30,"column":4},"end":{"line":39,"column":7}},"10":{"start":{"line":34,"column":12},"end":{"line":34,"column":25}},"11":{"start":{"line":37,"column":12},"end":{"line":37,"column":24}},"12":{"start":{"line":23,"column":0},"end":{"line":23,"column":22}},"13":{"start":{"line":42,"column":1},"end":{"line":42,"column":40}},"14":{"start":{"line":43,"column":1},"end":{"line":43,"column":44}},"15":{"start":{"line":44,"column":1},"end":{"line":44,"column":28}},"16":{"start":{"line":45,"column":1},"end":{"line":45,"column":28}},"17":{"start":{"line":46,"column":1},"end":{"line":46,"column":38}},"18":{"start":{"line":47,"column":1},"end":{"line":47,"column":52}},"19":{"start":{"line":48,"column":1},"end":{"line":48,"column":46}},"20":{"start":{"line":49,"column":1},"end":{"line":49,"column":44}},"21":{"start":{"line":50,"column":1},"end":{"line":50,"column":46}},"22":{"start":{"line":51,"column":1},"end":{"line":51,"column":60}},"23":{"start":{"line":52,"column":1},"end":{"line":52,"column":60}}},"fnMap":{"0":{"name":"initialise","decl":{"start":{"line":23,"column":22},"end":{"line":23,"column":32}},"loc":{"start":{"line":23,"column":32},"end":{"line":40,"column":null}}},"1":{"name":"(anonymous_17)","decl":{"start":{"line":32,"column":17},"end":{"line":32,"column":18}},"loc":{"start":{"line":32,"column":19},"end":{"line":35,"column":9}}},"2":{"name":"(anonymous_18)","decl":{"start":{"line":36,"column":19},"end":{"line":36,"column":null}},"loc":{"start":{"line":36,"column":19},"end":{"line":38,"column":9}}}},"branchMap":{},"s":{"0":6,"1":6,"2":6,"3":6,"4":6,"5":169,"6":169,"7":338,"8":169,"9":169,"10":0,"11":0,"12":6,"13":6,"14":6,"15":6,"16":6,"17":6,"18":6,"19":6,"20":6,"21":6,"22":6,"23":6},"f":{"0":169,"1":0,"2":0},"b":{}}
,"D:\\Users\\RIchard\\Documents\\Uni\\Inf\\Project\\ClickDeduce\\webapp\\scripts\\interface.ts": {"path":"D:\\Users\\RIchard\\Documents\\Uni\\Inf\\Project\\ClickDeduce\\webapp\\scripts\\interface.ts","statementMap":{"0":{"start":{"line":1,"column":0},"end":{"line":1,"column":47}},"1":{"start":{"line":2,"column":0},"end":{"line":2,"column":51}},"2":{"start":{"line":3,"column":0},"end":{"line":3,"column":49}},"3":{"start":{"line":4,"column":0},"end":{"line":4,"column":51}},"4":{"start":{"line":7,"column":11},"end":{"line":7,"column":48}},"5":{"start":{"line":8,"column":11},"end":{"line":8,"column":58}},"6":{"start":{"line":14,"column":4},"end":{"line":14,"column":38}},"7":{"start":{"line":15,"column":4},"end":{"line":15,"column":28}},"8":{"start":{"line":16,"column":4},"end":{"line":16,"column":74}},"9":{"start":{"line":18,"column":4},"end":{"line":18,"column":62}},"10":{"start":{"line":19,"column":4},"end":{"line":19,"column":57}},"11":{"start":{"line":20,"column":4},"end":{"line":20,"column":74}},"12":{"start":{"line":13,"column":0},"end":{"line":13,"column":16}},"13":{"start":{"line":32,"column":8},"end":{"line":32,"column":9}},"14":{"start":{"line":33,"column":8},"end":{"line":33,"column":34}},"15":{"start":{"line":34,"column":15},"end":{"line":34,"column":16}},"16":{"start":{"line":35,"column":8},"end":{"line":35,"column":27}},"17":{"start":{"line":36,"column":8},"end":{"line":36,"column":36}},"18":{"start":{"line":37,"column":8},"end":{"line":37,"column":45}},"19":{"start":{"line":31,"column":0},"end":{"line":31,"column":22}},"20":{"start":{"line":46,"column":4},"end":{"line":67,"column":5}},"21":{"start":{"line":47,"column":8},"end":{"line":47,"column":27}},"22":{"start":{"line":48,"column":14},"end":{"line":48,"column":112}},"23":{"start":{"line":48,"column":74},"end":{"line":48,"column":111}},"24":{"start":{"line":49,"column":14},"end":{"line":49,"column":80}},"25":{"start":{"line":50,"column":12},"end":{"line":50,"column":72}},"26":{"start":{"line":51,"column":8},"end":{"line":55,"column":9}},"27":{"start":{"line":52,"column":12},"end":{"line":52,"column":33}},"28":{"start":{"line":54,"column":12},"end":{"line":54,"column":33}},"29":{"start":{"line":56,"column":8},"end":{"line":60,"column":9}},"30":{"start":{"line":57,"column":12},"end":{"line":57,"column":59}},"31":{"start":{"line":58,"column":15},"end":{"line":60,"column":9}},"32":{"start":{"line":59,"column":12},"end":{"line":59,"column":32}},"33":{"start":{"line":61,"column":8},"end":{"line":61,"column":62}},"34":{"start":{"line":62,"column":8},"end":{"line":62,"column":33}},"35":{"start":{"line":63,"column":8},"end":{"line":65,"column":9}},"36":{"start":{"line":64,"column":12},"end":{"line":64,"column":38}},"37":{"start":{"line":45,"column":0},"end":{"line":45,"column":22}},"38":{"start":{"line":76,"column":4},"end":{"line":76,"column":72}},"39":{"start":{"line":77,"column":4},"end":{"line":77,"column":38}},"40":{"start":{"line":75,"column":0},"end":{"line":75,"column":16}},"41":{"start":{"line":85,"column":30},"end":{"line":85,"column":38}},"42":{"start":{"line":86,"column":4},"end":{"line":89,"column":5}},"43":{"start":{"line":88,"column":8},"end":{"line":88,"column":22}},"44":{"start":{"line":91,"column":4},"end":{"line":93,"column":5}},"45":{"start":{"line":92,"column":8},"end":{"line":92,"column":38}},"46":{"start":{"line":95,"column":4},"end":{"line":106,"column":5}},"47":{"start":{"line":96,"column":8},"end":{"line":96,"column":27}},"48":{"start":{"line":98,"column":8},"end":{"line":98,"column":44}},"49":{"start":{"line":100,"column":21},"end":{"line":100,"column":67}},"50":{"start":{"line":101,"column":8},"end":{"line":101,"column":37}},"51":{"start":{"line":102,"column":8},"end":{"line":102,"column":41}},"52":{"start":{"line":103,"column":8},"end":{"line":103,"column":40}},"53":{"start":{"line":105,"column":8},"end":{"line":105,"column":28}},"54":{"start":{"line":114,"column":4},"end":{"line":114,"column":74}},"55":{"start":{"line":115,"column":4},"end":{"line":117,"column":5}},"56":{"start":{"line":116,"column":8},"end":{"line":116,"column":25}},"57":{"start":{"line":124,"column":35},"end":{"line":124,"column":76}},"58":{"start":{"line":125,"column":34},"end":{"line":125,"column":50}},"59":{"start":{"line":127,"column":31},"end":{"line":127,"column":79}},"60":{"start":{"line":128,"column":32},"end":{"line":128,"column":82}},"61":{"start":{"line":130,"column":29},"end":{"line":130,"column":62}},"62":{"start":{"line":132,"column":4},"end":{"line":132,"column":33}},"63":{"start":{"line":133,"column":4},"end":{"line":133,"column":44}},"64":{"start":{"line":123,"column":0},"end":{"line":123,"column":16}},"65":{"start":{"line":144,"column":4},"end":{"line":144,"column":41}},"66":{"start":{"line":145,"column":4},"end":{"line":145,"column":38}},"67":{"start":{"line":146,"column":4},"end":{"line":146,"column":42}},"68":{"start":{"line":147,"column":4},"end":{"line":150,"column":13}},"69":{"start":{"line":148,"column":8},"end":{"line":148,"column":43}},"70":{"start":{"line":149,"column":8},"end":{"line":149,"column":45}},"71":{"start":{"line":143,"column":0},"end":{"line":143,"column":16}}},"fnMap":{"0":{"name":"resetInterfaceGlobals","decl":{"start":{"line":13,"column":16},"end":{"line":13,"column":37}},"loc":{"start":{"line":13,"column":37},"end":{"line":21,"column":1}}},"1":{"name":"handleKeyDown","decl":{"start":{"line":31,"column":22},"end":{"line":31,"column":35}},"loc":{"start":{"line":31,"column":52},"end":{"line":39,"column":null}}},"2":{"name":"handleTabPressed","decl":{"start":{"line":45,"column":22},"end":{"line":45,"column":38}},"loc":{"start":{"line":45,"column":55},"end":{"line":68,"column":null}}},"3":{"name":"(anonymous_20)","decl":{"start":{"line":48,"column":65},"end":{"line":48,"column":70}},"loc":{"start":{"line":48,"column":70},"end":{"line":48,"column":79}}},"4":{"name":"clearHighlight","decl":{"start":{"line":75,"column":16},"end":{"line":75,"column":30}},"loc":{"start":{"line":75,"column":30},"end":{"line":78,"column":1}}},"5":{"name":"openContextMenu","decl":{"start":{"line":84,"column":9},"end":{"line":84,"column":24}},"loc":{"start":{"line":84,"column":38},"end":{"line":107,"column":1}}},"6":{"name":"closeContextMenu","decl":{"start":{"line":113,"column":9},"end":{"line":113,"column":25}},"loc":{"start":{"line":113,"column":39},"end":{"line":118,"column":1}}},"7":{"name":"zoomToFit","decl":{"start":{"line":123,"column":16},"end":{"line":123,"column":25}},"loc":{"start":{"line":123,"column":25},"end":{"line":134,"column":1}}},"8":{"name":"displayError","decl":{"start":{"line":143,"column":16},"end":{"line":143,"column":28}},"loc":{"start":{"line":143,"column":39},"end":{"line":151,"column":1}}},"9":{"name":"(anonymous_26)","decl":{"start":{"line":147,"column":15},"end":{"line":147,"column":null}},"loc":{"start":{"line":147,"column":15},"end":{"line":150,"column":5}}}},"branchMap":{"0":{"loc":{"start":{"line":32,"column":8},"end":{"line":32,"column":9}},"type":"if","locations":[{"start":{"line":32,"column":8},"end":{"line":32,"column":9}}]},"1":{"loc":{"start":{"line":32,"column":8},"end":{"line":32,"column":106}},"type":"binary-expr","locations":[{"start":{"line":32,"column":8},"end":{"line":32,"column":23}},{"start":{"line":32,"column":28},"end":{"line":32,"column":64}},{"start":{"line":32,"column":68},"end":{"line":32,"column":105}}]},"2":{"loc":{"start":{"line":34,"column":15},"end":{"line":34,"column":16}},"type":"if","locations":[{"start":{"line":34,"column":15},"end":{"line":34,"column":16}}]},"3":{"loc":{"start":{"line":34,"column":15},"end":{"line":34,"column":72}},"type":"binary-expr","locations":[{"start":{"line":34,"column":15},"end":{"line":34,"column":32}},{"start":{"line":34,"column":36},"end":{"line":34,"column":72}}]},"4":{"loc":{"start":{"line":46,"column":4},"end":{"line":67,"column":5}},"type":"if","locations":[{"start":{"line":46,"column":4},"end":{"line":67,"column":5}}]},"5":{"loc":{"start":{"line":46,"column":8},"end":{"line":46,"column":106}},"type":"binary-expr","locations":[{"start":{"line":46,"column":8},"end":{"line":46,"column":23}},{"start":{"line":46,"column":28},"end":{"line":46,"column":64}},{"start":{"line":46,"column":68},"end":{"line":46,"column":105}}]},"6":{"loc":{"start":{"line":51,"column":8},"end":{"line":55,"column":9}},"type":"if","locations":[{"start":{"line":51,"column":8},"end":{"line":55,"column":9}},{"start":{"line":53,"column":15},"end":{"line":55,"column":9}}]},"7":{"loc":{"start":{"line":56,"column":8},"end":{"line":60,"column":9}},"type":"if","locations":[{"start":{"line":56,"column":8},"end":{"line":60,"column":9}},{"start":{"line":58,"column":15},"end":{"line":60,"column":9}}]},"8":{"loc":{"start":{"line":58,"column":15},"end":{"line":60,"column":9}},"type":"if","locations":[{"start":{"line":58,"column":15},"end":{"line":60,"column":9}}]},"9":{"loc":{"start":{"line":63,"column":8},"end":{"line":65,"column":9}},"type":"if","locations":[{"start":{"line":63,"column":8},"end":{"line":65,"column":9}}]},"10":{"loc":{"start":{"line":76,"column":4},"end":{"line":76,"column":71}},"type":"cond-expr","locations":[{"start":{"line":76,"column":40},"end":{"line":76,"column":42}},{"start":{"line":76,"column":40},"end":{"line":76,"column":71}}]},"11":{"loc":{"start":{"line":76,"column":4},"end":{"line":76,"column":42}},"type":"binary-expr","locations":[{"start":{"line":76,"column":4},"end":{"line":76,"column":42}},{"start":{"line":76,"column":40},"end":{"line":76,"column":42}}]},"12":{"loc":{"start":{"line":86,"column":4},"end":{"line":89,"column":5}},"type":"if","locations":[{"start":{"line":86,"column":4},"end":{"line":89,"column":5}}]},"13":{"loc":{"start":{"line":91,"column":11},"end":{"line":91,"column":83}},"type":"binary-expr","locations":[{"start":{"line":91,"column":11},"end":{"line":91,"column":40}},{"start":{"line":91,"column":44},"end":{"line":91,"column":83}}]},"14":{"loc":{"start":{"line":95,"column":4},"end":{"line":106,"column":5}},"type":"if","locations":[{"start":{"line":95,"column":4},"end":{"line":106,"column":5}},{"start":{"line":104,"column":11},"end":{"line":106,"column":5}}]},"15":{"loc":{"start":{"line":95,"column":8},"end":{"line":95,"column":95}},"type":"binary-expr","locations":[{"start":{"line":95,"column":8},"end":{"line":95,"column":14}},{"start":{"line":95,"column":18},"end":{"line":95,"column":47}},{"start":{"line":95,"column":51},"end":{"line":95,"column":95}}]},"16":{"loc":{"start":{"line":115,"column":4},"end":{"line":117,"column":5}},"type":"if","locations":[{"start":{"line":115,"column":4},"end":{"line":117,"column":5}}]}},"s":{"0":6,"1":6,"2":6,"3":6,"4":6,"5":6,"6":169,"7":169,"8":169,"9":169,"10":169,"11":169,"12":6,"13":22,"14":36,"15":2,"16":2,"17":2,"18":4,"19":6,"20":18,"21":18,"22":18,"23":70,"24":18,"25":18,"26":18,"27":8,"28":10,"29":18,"30":2,"31":16,"32":2,"33":18,"34":18,"35":18,"36":16,"37":6,"38":21,"39":21,"40":6,"41":26,"42":26,"43":3,"44":26,"45":0,"46":26,"47":23,"48":23,"49":23,"50":23,"51":23,"52":23,"53":3,"54":49,"55":49,"56":20,"57":0,"58":0,"59":0,"60":0,"61":0,"62":0,"63":0,"64":6,"65":5,"66":5,"67":5,"68":5,"69":1,"70":1,"71":6},"f":{"0":169,"1":20,"2":18,"3":70,"4":21,"5":26,"6":49,"7":0,"8":5,"9":1},"b":{"0":[2],"1":[20,18,2],"2":[0],"3":[2,2],"4":[18],"5":[18,18,2],"6":[8,10],"7":[2,16],"8":[2],"9":[16],"10":[0,21],"11":[21,21],"12":[3],"13":[26,23],"14":[23,3],"15":[26,23,23],"16":[20]}}
,"D:\\Users\\RIchard\\Documents\\Uni\\Inf\\Project\\ClickDeduce\\webapp\\scripts\\treeManipulation.ts": {"path":"D:\\Users\\RIchard\\Documents\\Uni\\Inf\\Project\\ClickDeduce\\webapp\\scripts\\treeManipulation.ts","statementMap":{"0":{"start":{"line":1,"column":0},"end":{"line":1,"column":34}},"1":{"start":{"line":2,"column":0},"end":{"line":2,"column":49}},"2":{"start":{"line":3,"column":0},"end":{"line":3,"column":80}},"3":{"start":{"line":4,"column":0},"end":{"line":4,"column":86}},"4":{"start":{"line":6,"column":86},"end":{"line":6,"column":88}},"5":{"start":{"line":7,"column":11},"end":{"line":7,"column":40}},"6":{"start":{"line":14,"column":11},"end":{"line":14,"column":44}},"7":{"start":{"line":15,"column":11},"end":{"line":15,"column":50}},"8":{"start":{"line":17,"column":11},"end":{"line":17,"column":41}},"9":{"start":{"line":23,"column":4},"end":{"line":23,"column":21}},"10":{"start":{"line":24,"column":4},"end":{"line":24,"column":25}},"11":{"start":{"line":25,"column":4},"end":{"line":25,"column":76}},"12":{"start":{"line":26,"column":4},"end":{"line":26,"column":76}},"13":{"start":{"line":27,"column":4},"end":{"line":27,"column":22}},"14":{"start":{"line":28,"column":4},"end":{"line":28,"column":23}},"15":{"start":{"line":29,"column":4},"end":{"line":29,"column":26}},"16":{"start":{"line":31,"column":4},"end":{"line":31,"column":28}},"17":{"start":{"line":33,"column":4},"end":{"line":33,"column":77}},"18":{"start":{"line":34,"column":4},"end":{"line":38,"column":5}},"19":{"start":{"line":34,"column":15},"end":{"line":34,"column":24}},"20":{"start":{"line":35,"column":8},"end":{"line":37,"column":11}},"21":{"start":{"line":36,"column":12},"end":{"line":36,"column":48}},"22":{"start":{"line":40,"column":4},"end":{"line":42,"column":7}},"23":{"start":{"line":41,"column":8},"end":{"line":41,"column":85}},"24":{"start":{"line":22,"column":0},"end":{"line":22,"column":22}},"25":{"start":{"line":49,"column":10},"end":{"line":49,"column":113}},"26":{"start":{"line":51,"column":4},"end":{"line":60,"column":7}},"27":{"start":{"line":53,"column":24},"end":{"line":53,"column":40}},"28":{"start":{"line":54,"column":8},"end":{"line":54,"column":72}},"29":{"start":{"line":56,"column":42},"end":{"line":56,"column":82}},"30":{"start":{"line":57,"column":8},"end":{"line":59,"column":null}},"31":{"start":{"line":58,"column":12},"end":{"line":58,"column":48}},"32":{"start":{"line":74,"column":103},"end":{"line":74,"column":null}},"33":{"start":{"line":75,"column":4},"end":{"line":75,"column":33}},"34":{"start":{"line":76,"column":4},"end":{"line":76,"column":35}},"35":{"start":{"line":77,"column":4},"end":{"line":77,"column":18}},"36":{"start":{"line":78,"column":4},"end":{"line":90,"column":5}},"37":{"start":{"line":80,"column":8},"end":{"line":82,"column":9}},"38":{"start":{"line":81,"column":12},"end":{"line":81,"column":69}},"39":{"start":{"line":83,"column":91},"end":{"line":88,"column":10}},"40":{"start":{"line":89,"column":8},"end":{"line":89,"column":58}},"41":{"start":{"line":91,"column":4},"end":{"line":91,"column":28}},"42":{"start":{"line":92,"column":4},"end":{"line":92,"column":29}},"43":{"start":{"line":93,"column":4},"end":{"line":95,"column":7}},"44":{"start":{"line":94,"column":8},"end":{"line":94,"column":49}},"45":{"start":{"line":96,"column":4},"end":{"line":96,"column":30}},"46":{"start":{"line":74,"column":0},"end":{"line":74,"column":16}},"47":{"start":{"line":106,"column":4},"end":{"line":106,"column":24}},"48":{"start":{"line":107,"column":4},"end":{"line":107,"column":27}},"49":{"start":{"line":108,"column":4},"end":{"line":108,"column":33}},"50":{"start":{"line":109,"column":4},"end":{"line":109,"column":32}},"51":{"start":{"line":110,"column":4},"end":{"line":110,"column":30}},"52":{"start":{"line":118,"column":4},"end":{"line":122,"column":5}},"53":{"start":{"line":119,"column":8},"end":{"line":119,"column":43}},"54":{"start":{"line":120,"column":22},"end":{"line":120,"column":50}},"55":{"start":{"line":121,"column":8},"end":{"line":121,"column":80}},"56":{"start":{"line":117,"column":0},"end":{"line":117,"column":16}},"57":{"start":{"line":129,"column":4},"end":{"line":129,"column":48}},"58":{"start":{"line":130,"column":4},"end":{"line":130,"column":69}},"59":{"start":{"line":128,"column":0},"end":{"line":128,"column":16}},"60":{"start":{"line":139,"column":4},"end":{"line":162,"column":7}},"61":{"start":{"line":140,"column":8},"end":{"line":153,"column":11}},"62":{"start":{"line":142,"column":12},"end":{"line":142,"column":36}},"63":{"start":{"line":143,"column":40},"end":{"line":143,"column":59}},"64":{"start":{"line":146,"column":12},"end":{"line":152,"column":13}},"65":{"start":{"line":147,"column":16},"end":{"line":147,"column":102}},"66":{"start":{"line":147,"column":68},"end":{"line":147,"column":101}},"67":{"start":{"line":148,"column":16},"end":{"line":151,"column":17}},"68":{"start":{"line":150,"column":20},"end":{"line":150,"column":54}},"69":{"start":{"line":154,"column":8},"end":{"line":161,"column":11}},"70":{"start":{"line":156,"column":12},"end":{"line":156,"column":36}},"71":{"start":{"line":158,"column":12},"end":{"line":160,"column":13}},"72":{"start":{"line":159,"column":16},"end":{"line":159,"column":33}},"73":{"start":{"line":166,"column":4},"end":{"line":172,"column":7}},"74":{"start":{"line":167,"column":8},"end":{"line":171,"column":9}},"75":{"start":{"line":168,"column":12},"end":{"line":170,"column":null}},"76":{"start":{"line":169,"column":16},"end":{"line":169,"column":53}},"77":{"start":{"line":174,"column":4},"end":{"line":180,"column":7}},"78":{"start":{"line":175,"column":8},"end":{"line":179,"column":9}},"79":{"start":{"line":176,"column":12},"end":{"line":178,"column":null}},"80":{"start":{"line":177,"column":16},"end":{"line":177,"column":53}},"81":{"start":{"line":187,"column":4},"end":{"line":190,"column":7}},"82":{"start":{"line":188,"column":8},"end":{"line":188,"column":44}},"83":{"start":{"line":189,"column":8},"end":{"line":189,"column":44}},"84":{"start":{"line":197,"column":4},"end":{"line":202,"column":null}},"85":{"start":{"line":198,"column":8},"end":{"line":201,"column":9}},"86":{"start":{"line":199,"column":12},"end":{"line":199,"column":48}},"87":{"start":{"line":200,"column":12},"end":{"line":200,"column":48}},"88":{"start":{"line":211,"column":4},"end":{"line":211,"column":138}},"89":{"start":{"line":212,"column":4},"end":{"line":216,"column":null}},"90":{"start":{"line":213,"column":22},"end":{"line":213,"column":54}},"91":{"start":{"line":214,"column":22},"end":{"line":214,"column":54}},"92":{"start":{"line":215,"column":8},"end":{"line":215,"column":91}},"93":{"start":{"line":217,"column":4},"end":{"line":224,"column":null}},"94":{"start":{"line":218,"column":8},"end":{"line":218,"column":57}},"95":{"start":{"line":219,"column":8},"end":{"line":223,"column":9}},"96":{"start":{"line":220,"column":12},"end":{"line":220,"column":80}},"97":{"start":{"line":220,"column":51},"end":{"line":220,"column":79}},"98":{"start":{"line":221,"column":12},"end":{"line":221,"column":79}},"99":{"start":{"line":221,"column":50},"end":{"line":221,"column":78}},"100":{"start":{"line":222,"column":12},"end":{"line":222,"column":78}},"101":{"start":{"line":222,"column":49},"end":{"line":222,"column":77}},"102":{"start":{"line":228,"column":4},"end":{"line":228,"column":24}},"103":{"start":{"line":227,"column":0},"end":{"line":227,"column":16}},"104":{"start":{"line":235,"column":4},"end":{"line":239,"column":7}},"105":{"start":{"line":236,"column":8},"end":{"line":238,"column":9}},"106":{"start":{"line":237,"column":12},"end":{"line":237,"column":84}},"107":{"start":{"line":246,"column":4},"end":{"line":248,"column":5}},"108":{"start":{"line":247,"column":8},"end":{"line":247,"column":49}},"109":{"start":{"line":245,"column":0},"end":{"line":245,"column":16}},"110":{"start":{"line":255,"column":4},"end":{"line":257,"column":5}},"111":{"start":{"line":256,"column":8},"end":{"line":256,"column":49}},"112":{"start":{"line":254,"column":0},"end":{"line":254,"column":16}},"113":{"start":{"line":268,"column":29},"end":{"line":268,"column":30}},"114":{"start":{"line":269,"column":4},"end":{"line":269,"column":78}}},"fnMap":{"0":{"name":"resetTreeManipulation","decl":{"start":{"line":22,"column":22},"end":{"line":22,"column":43}},"loc":{"start":{"line":22,"column":43},"end":{"line":43,"column":null}}},"1":{"name":"(anonymous_16)","decl":{"start":{"line":35,"column":41},"end":{"line":35,"column":null}},"loc":{"start":{"line":35,"column":41},"end":{"line":37,"column":9}}},"2":{"name":"(anonymous_17)","decl":{"start":{"line":40,"column":34},"end":{"line":40,"column":null}},"loc":{"start":{"line":40,"column":34},"end":{"line":42,"column":5}}},"3":{"name":"loadLangSelector","decl":{"start":{"line":48,"column":15},"end":{"line":48,"column":31}},"loc":{"start":{"line":48,"column":31},"end":{"line":61,"column":null}}},"4":{"name":"(anonymous_21)","decl":{"start":{"line":53,"column":12},"end":{"line":53,"column":20}},"loc":{"start":{"line":53,"column":20},"end":{"line":53,"column":32}}},"5":{"name":"(anonymous_22)","decl":{"start":{"line":53,"column":46},"end":{"line":53,"column":58}},"loc":{"start":{"line":53,"column":58},"end":{"line":55,"column":5}}},"6":{"name":"(anonymous_23)","decl":{"start":{"line":55,"column":12},"end":{"line":55,"column":null}},"loc":{"start":{"line":55,"column":12},"end":{"line":60,"column":5}}},"7":{"name":"(anonymous_24)","decl":{"start":{"line":57,"column":48},"end":{"line":57,"column":null}},"loc":{"start":{"line":57,"column":48},"end":{"line":59,"column":9}}},"8":{"name":"updateTree","decl":{"start":{"line":74,"column":16},"end":{"line":74,"column":26}},"loc":{"start":{"line":74,"column":132},"end":{"line":97,"column":1}}},"9":{"name":"(anonymous_26)","decl":{"start":{"line":93,"column":23},"end":{"line":93,"column":28}},"loc":{"start":{"line":93,"column":28},"end":{"line":95,"column":5}}},"10":{"name":"treeCleanup","decl":{"start":{"line":105,"column":9},"end":{"line":105,"column":20}},"loc":{"start":{"line":105,"column":20},"end":{"line":111,"column":1}}},"11":{"name":"useTreeFromHistory","decl":{"start":{"line":117,"column":16},"end":{"line":117,"column":34}},"loc":{"start":{"line":117,"column":58},"end":{"line":123,"column":1}}},"12":{"name":"updateUndoRedoButtons","decl":{"start":{"line":128,"column":16},"end":{"line":128,"column":37}},"loc":{"start":{"line":128,"column":37},"end":{"line":131,"column":1}}},"13":{"name":"addHoverListeners","decl":{"start":{"line":138,"column":9},"end":{"line":138,"column":26}},"loc":{"start":{"line":138,"column":26},"end":{"line":163,"column":1}}},"14":{"name":"(anonymous_31)","decl":{"start":{"line":139,"column":50},"end":{"line":139,"column":53}},"loc":{"start":{"line":139,"column":53},"end":{"line":162,"column":5}}},"15":{"name":"(anonymous_32)","decl":{"start":{"line":140,"column":42},"end":{"line":140,"column":43}},"loc":{"start":{"line":140,"column":48},"end":{"line":153,"column":9}}},"16":{"name":"(anonymous_33)","decl":{"start":{"line":147,"column":62},"end":{"line":147,"column":64}},"loc":{"start":{"line":147,"column":64},"end":{"line":147,"column":70}}},"17":{"name":"(anonymous_34)","decl":{"start":{"line":154,"column":41},"end":{"line":154,"column":42}},"loc":{"start":{"line":154,"column":47},"end":{"line":161,"column":9}}},"18":{"name":"addDropdownListeners","decl":{"start":{"line":165,"column":9},"end":{"line":165,"column":29}},"loc":{"start":{"line":165,"column":29},"end":{"line":181,"column":1}}},"19":{"name":"(anonymous_36)","decl":{"start":{"line":166,"column":56},"end":{"line":166,"column":62}},"loc":{"start":{"line":166,"column":62},"end":{"line":172,"column":5}}},"20":{"name":"(anonymous_37)","decl":{"start":{"line":168,"column":46},"end":{"line":168,"column":47}},"loc":{"start":{"line":168,"column":52},"end":{"line":170,"column":13}}},"21":{"name":"(anonymous_38)","decl":{"start":{"line":174,"column":56},"end":{"line":174,"column":62}},"loc":{"start":{"line":174,"column":62},"end":{"line":180,"column":5}}},"22":{"name":"(anonymous_39)","decl":{"start":{"line":176,"column":46},"end":{"line":176,"column":47}},"loc":{"start":{"line":176,"column":52},"end":{"line":178,"column":13}}},"23":{"name":"makeOrphanedInputsReadOnly","decl":{"start":{"line":186,"column":9},"end":{"line":186,"column":35}},"loc":{"start":{"line":186,"column":35},"end":{"line":191,"column":1}}},"24":{"name":"(anonymous_41)","decl":{"start":{"line":187,"column":111},"end":{"line":187,"column":113}},"loc":{"start":{"line":187,"column":113},"end":{"line":190,"column":5}}},"25":{"name":"makePhantomInputsReadOnly","decl":{"start":{"line":196,"column":9},"end":{"line":196,"column":34}},"loc":{"start":{"line":196,"column":34},"end":{"line":203,"column":1}}},"26":{"name":"(anonymous_43)","decl":{"start":{"line":197,"column":67},"end":{"line":197,"column":69}},"loc":{"start":{"line":197,"column":69},"end":{"line":202,"column":5}}},"27":{"name":"updateActiveInputsList","decl":{"start":{"line":210,"column":9},"end":{"line":210,"column":31}},"loc":{"start":{"line":210,"column":31},"end":{"line":225,"column":1}}},"28":{"name":"(anonymous_45)","decl":{"start":{"line":212,"column":22},"end":{"line":212,"column":23}},"loc":{"start":{"line":212,"column":27},"end":{"line":216,"column":5}}},"29":{"name":"(anonymous_46)","decl":{"start":{"line":217,"column":25},"end":{"line":217,"column":30}},"loc":{"start":{"line":217,"column":30},"end":{"line":224,"column":5}}},"30":{"name":"(anonymous_47)","decl":{"start":{"line":220,"column":45},"end":{"line":220,"column":51}},"loc":{"start":{"line":220,"column":45},"end":{"line":220,"column":71}}},"31":{"name":"(anonymous_48)","decl":{"start":{"line":221,"column":44},"end":{"line":221,"column":50}},"loc":{"start":{"line":221,"column":44},"end":{"line":221,"column":70}}},"32":{"name":"(anonymous_49)","decl":{"start":{"line":222,"column":43},"end":{"line":222,"column":49}},"loc":{"start":{"line":222,"column":43},"end":{"line":222,"column":69}}},"33":{"name":"getActiveInputs","decl":{"start":{"line":227,"column":16},"end":{"line":227,"column":31}},"loc":{"start":{"line":227,"column":31},"end":{"line":229,"column":1}}},"34":{"name":"setLiteralInitialValues","decl":{"start":{"line":234,"column":9},"end":{"line":234,"column":32}},"loc":{"start":{"line":234,"column":32},"end":{"line":240,"column":1}}},"35":{"name":"(anonymous_52)","decl":{"start":{"line":235,"column":63},"end":{"line":235,"column":68}},"loc":{"start":{"line":235,"column":68},"end":{"line":239,"column":5}}},"36":{"name":"undo","decl":{"start":{"line":245,"column":16},"end":{"line":245,"column":20}},"loc":{"start":{"line":245,"column":20},"end":{"line":249,"column":1}}},"37":{"name":"redo","decl":{"start":{"line":254,"column":16},"end":{"line":254,"column":20}},"loc":{"start":{"line":254,"column":20},"end":{"line":258,"column":1}}},"38":{"name":"updateTextInputWidth","decl":{"start":{"line":267,"column":9},"end":{"line":267,"column":29}},"loc":{"start":{"line":267,"column":57},"end":{"line":270,"column":1}}}},"branchMap":{"0":{"loc":{"start":{"line":74,"column":103},"end":{"line":74,"column":null}},"type":"if","locations":[{"start":{"line":74,"column":103},"end":{"line":74,"column":null}}]},"1":{"loc":{"start":{"line":78,"column":4},"end":{"line":90,"column":5}},"type":"if","locations":[{"start":{"line":78,"column":4},"end":{"line":90,"column":5}}]},"2":{"loc":{"start":{"line":78,"column":8},"end":{"line":79,"column":123}},"type":"binary-expr","locations":[{"start":{"line":78,"column":8},"end":{"line":78,"column":20}},{"start":{"line":78,"column":25},"end":{"line":78,"column":49}},{"start":{"line":79,"column":9},"end":{"line":79,"column":59}},{"start":{"line":79,"column":63},"end":{"line":79,"column":121}}]},"3":{"loc":{"start":{"line":80,"column":8},"end":{"line":82,"column":9}},"type":"if","locations":[{"start":{"line":80,"column":8},"end":{"line":82,"column":9}}]},"4":{"loc":{"start":{"line":118,"column":4},"end":{"line":122,"column":5}},"type":"if","locations":[{"start":{"line":118,"column":4},"end":{"line":122,"column":5}}]},"5":{"loc":{"start":{"line":118,"column":8},"end":{"line":118,"column":68}},"type":"binary-expr","locations":[{"start":{"line":118,"column":8},"end":{"line":118,"column":28}},{"start":{"line":118,"column":32},"end":{"line":118,"column":68}}]},"6":{"loc":{"start":{"line":146,"column":12},"end":{"line":152,"column":13}},"type":"if","locations":[{"start":{"line":146,"column":12},"end":{"line":152,"column":13}}]},"7":{"loc":{"start":{"line":148,"column":16},"end":{"line":151,"column":17}},"type":"if","locations":[{"start":{"line":148,"column":16},"end":{"line":151,"column":17}}]},"8":{"loc":{"start":{"line":158,"column":12},"end":{"line":160,"column":13}},"type":"if","locations":[{"start":{"line":158,"column":12},"end":{"line":160,"column":13}}]},"9":{"loc":{"start":{"line":167,"column":8},"end":{"line":171,"column":9}},"type":"if","locations":[{"start":{"line":167,"column":8},"end":{"line":171,"column":9}}]},"10":{"loc":{"start":{"line":175,"column":8},"end":{"line":179,"column":9}},"type":"if","locations":[{"start":{"line":175,"column":8},"end":{"line":179,"column":9}}]},"11":{"loc":{"start":{"line":198,"column":8},"end":{"line":201,"column":9}},"type":"if","locations":[{"start":{"line":198,"column":8},"end":{"line":201,"column":9}}]},"12":{"loc":{"start":{"line":198,"column":12},"end":{"line":198,"column":80}},"type":"binary-expr","locations":[{"start":{"line":198,"column":12},"end":{"line":198,"column":37}},{"start":{"line":198,"column":41},"end":{"line":198,"column":80}}]},"13":{"loc":{"start":{"line":219,"column":8},"end":{"line":223,"column":9}},"type":"if","locations":[{"start":{"line":219,"column":8},"end":{"line":223,"column":9}}]},"14":{"loc":{"start":{"line":236,"column":8},"end":{"line":238,"column":9}},"type":"if","locations":[{"start":{"line":236,"column":8},"end":{"line":238,"column":9}}]},"15":{"loc":{"start":{"line":246,"column":4},"end":{"line":248,"column":5}},"type":"if","locations":[{"start":{"line":246,"column":4},"end":{"line":248,"column":5}}]},"16":{"loc":{"start":{"line":246,"column":8},"end":{"line":246,"column":70}},"type":"binary-expr","locations":[{"start":{"line":246,"column":8},"end":{"line":246,"column":29}},{"start":{"line":246,"column":33},"end":{"line":246,"column":70}}]},"17":{"loc":{"start":{"line":255,"column":4},"end":{"line":257,"column":5}},"type":"if","locations":[{"start":{"line":255,"column":4},"end":{"line":257,"column":5}}]},"18":{"loc":{"start":{"line":255,"column":8},"end":{"line":255,"column":74}},"type":"binary-expr","locations":[{"start":{"line":255,"column":8},"end":{"line":255,"column":29}},{"start":{"line":255,"column":33},"end":{"line":255,"column":74}}]}},"s":{"0":6,"1":6,"2":6,"3":6,"4":6,"5":6,"6":6,"7":6,"8":6,"9":169,"10":169,"11":169,"12":169,"13":169,"14":169,"15":169,"16":169,"17":169,"18":169,"19":507,"20":507,"21":6,"22":338,"23":169,"24":6,"25":169,"26":338,"27":169,"28":169,"29":169,"30":169,"31":21,"32":347,"33":347,"34":347,"35":347,"36":347,"37":311,"38":5,"39":311,"40":311,"41":347,"42":347,"43":347,"44":1041,"45":347,"46":6,"47":347,"48":347,"49":347,"50":347,"51":347,"52":24,"53":24,"54":24,"55":24,"56":6,"57":516,"58":516,"59":6,"60":347,"61":767,"62":29,"63":29,"64":29,"65":26,"66":78,"67":26,"68":26,"69":767,"70":2,"71":2,"72":1,"73":347,"74":620,"75":620,"76":16,"77":347,"78":9,"79":9,"80":0,"81":347,"82":220,"83":220,"84":347,"85":1035,"86":4,"87":4,"88":347,"89":347,"90":229,"91":229,"92":229,"93":347,"94":545,"95":545,"96":186,"97":29,"98":186,"99":2,"100":186,"101":16,"102":54,"103":6,"104":347,"105":187,"106":187,"107":15,"108":15,"109":6,"110":4,"111":4,"112":6,"113":2,"114":2},"f":{"0":169,"1":6,"2":169,"3":169,"4":169,"5":169,"6":169,"7":21,"8":347,"9":1041,"10":347,"11":24,"12":516,"13":347,"14":767,"15":29,"16":78,"17":2,"18":347,"19":620,"20":16,"21":9,"22":0,"23":347,"24":220,"25":347,"26":1035,"27":347,"28":229,"29":545,"30":29,"31":2,"32":16,"33":54,"34":347,"35":187,"36":15,"37":4,"38":2},"b":{"0":[0],"1":[311],"2":[347,323,235,12],"3":[5],"4":[24],"5":[24,24],"6":[26],"7":[26],"8":[1],"9":[620],"10":[9],"11":[4],"12":[1035,1035],"13":[186],"14":[187],"15":[15],"16":[15,15],"17":[4],"18":[4,4]}}
,"D:\\Users\\RIchard\\Documents\\Uni\\Inf\\Project\\ClickDeduce\\webapp\\scripts\\utils.ts": {"path":"D:\\Users\\RIchard\\Documents\\Uni\\Inf\\Project\\ClickDeduce\\webapp\\scripts\\utils.ts","statementMap":{"0":{"start":{"line":5,"column":26},"end":{"line":5,"column":105}},"1":{"start":{"line":6,"column":4},"end":{"line":8,"column":5}},"2":{"start":{"line":7,"column":8},"end":{"line":7,"column":35}},"3":{"start":{"line":9,"column":4},"end":{"line":9,"column":40}},"4":{"start":{"line":4,"column":0},"end":{"line":4,"column":16}},"5":{"start":{"line":16,"column":44},"end":{"line":16,"column":105}},"6":{"start":{"line":17,"column":4},"end":{"line":17,"column":30}},"7":{"start":{"line":15,"column":0},"end":{"line":15,"column":16}},"8":{"start":{"line":27,"column":4},"end":{"line":28,"column":94}},"9":{"start":{"line":26,"column":0},"end":{"line":26,"column":16}}},"fnMap":{"0":{"name":"getSelectedMode","decl":{"start":{"line":4,"column":16},"end":{"line":4,"column":31}},"loc":{"start":{"line":4,"column":31},"end":{"line":10,"column":1}}},"1":{"name":"getSelectedLanguage","decl":{"start":{"line":15,"column":16},"end":{"line":15,"column":35}},"loc":{"start":{"line":15,"column":35},"end":{"line":18,"column":1}}},"2":{"name":"hasClassOrParentHasClass","decl":{"start":{"line":26,"column":16},"end":{"line":26,"column":40}},"loc":{"start":{"line":26,"column":80},"end":{"line":29,"column":1}}}},"branchMap":{"0":{"loc":{"start":{"line":6,"column":4},"end":{"line":8,"column":5}},"type":"if","locations":[{"start":{"line":6,"column":4},"end":{"line":8,"column":5}}]},"1":{"loc":{"start":{"line":27,"column":11},"end":{"line":28,"column":93}},"type":"binary-expr","locations":[{"start":{"line":27,"column":11},"end":{"line":27,"column":48}},{"start":{"line":28,"column":9},"end":{"line":28,"column":30}},{"start":{"line":28,"column":34},"end":{"line":28,"column":92}}]}},"s":{"0":328,"1":328,"2":328,"3":0,"4":6,"5":416,"6":416,"7":6,"8":10044,"9":6},"f":{"0":328,"1":416,"2":10044},"b":{"0":[328],"1":[10044,10040,8986]}}
}
