TN:
SF:webapp\scripts\ClickDeduceResponseError.ts
FN:1,(anonymous_6)
FN:2,ClickDeduceResponseError
FNF:2
FNH:2
FNDA:2,(anonymous_6)
FNDA:10,ClickDeduceResponseError
DA:1,2
DA:3,10
DA:4,10
DA:5,10
DA:7,2
LF:5
LH:5
BRDA:3,0,0,10
BRDA:3,0,1,0
BRF:2
BRH:1
end_of_record
TN:
SF:webapp\scripts\actions.ts
FN:8,resetCopyCache
FN:12,handleSubmit
FN:25,(anonymous_17)
FN:25,(anonymous_18)
FN:30,handleLiteralChanged
FN:34,(anonymous_22)
FN:43,(anonymous_23)
FN:57,handleDropdownChange
FN:70,runAction
FN:82,(anonymous_30)
FN:84,(anonymous_31)
FN:89,(anonymous_32)
FN:89,(anonymous_33)
FN:91,(anonymous_34)
FN:98,clearTreeNode
FN:106,copyTreeNode
FN:110,pasteTreeNode
FNF:17
FNH:17
FNDA:106,resetCopyCache
FNDA:84,handleSubmit
FNDA:84,(anonymous_17)
FNDA:84,(anonymous_18)
FNDA:63,handleLiteralChanged
FNDA:108,(anonymous_22)
FNDA:41,(anonymous_23)
FNDA:123,handleDropdownChange
FNDA:203,runAction
FNDA:203,(anonymous_30)
FNDA:5,(anonymous_31)
FNDA:198,(anonymous_32)
FNDA:198,(anonymous_33)
FNDA:5,(anonymous_34)
FNDA:2,clearTreeNode
FNDA:7,copyTreeNode
FNDA:7,pasteTreeNode
DA:1,2
DA:2,2
DA:3,2
DA:4,2
DA:6,2
DA:8,2
DA:9,106
DA:12,2
DA:14,84
DA:17,168
DA:25,84
DA:26,84
DA:30,2
DA:31,63
DA:32,63
DA:34,108
DA:35,17
DA:38,46
DA:39,46
DA:40,1
DA:43,92
DA:44,41
DA:45,40
DA:47,1
DA:48,1
DA:49,1
DA:50,1
DA:51,1
DA:57,2
DA:58,123
DA:59,123
DA:60,123
DA:62,123
DA:63,123
DA:64,5
DA:67,246
DA:70,2
DA:71,203
DA:72,203
DA:73,203
DA:83,203
DA:84,5
DA:85,5
DA:88,198
DA:89,198
DA:90,198
DA:92,5
DA:93,5
DA:94,5
DA:98,2
DA:99,2
DA:100,2
DA:101,2
DA:102,4
DA:106,2
DA:107,7
DA:110,2
DA:111,8
DA:112,6
DA:113,12
LF:60
LH:60
BRDA:34,0,0,17
BRDA:34,1,0,108
BRDA:34,1,1,46
BRDA:39,2,0,1
BRDA:44,3,0,40
BRDA:48,4,0,1
BRDA:48,5,0,1
BRDA:48,5,1,1
BRDA:50,6,0,1
BRDA:63,7,0,5
BRDA:83,8,0,5
BRDA:100,9,0,0
BRDA:111,10,0,1
BRF:13
BRH:12
end_of_record
TN:
SF:webapp\scripts\initialise.ts
FN:18,initialise
FN:27,(anonymous_17)
FN:31,(anonymous_18)
FNF:3
FNH:1
FNDA:106,initialise
FNDA:0,(anonymous_17)
FNDA:0,(anonymous_18)
DA:1,2
DA:2,2
DA:11,2
DA:12,2
DA:13,2
DA:18,2
DA:19,106
DA:20,106
DA:21,212
DA:23,106
DA:25,106
DA:29,0
DA:32,0
DA:37,2
DA:38,2
DA:39,2
DA:40,2
DA:41,2
DA:42,2
DA:43,2
DA:44,2
DA:45,2
DA:46,2
DA:47,2
LF:24
LH:22
BRF:0
BRH:0
end_of_record
TN:
SF:webapp\scripts\interface.ts
FN:10,resetInterfaceGlobals
FN:20,handleKeyDown
FN:30,handleTabPressed
FN:53,clearHighlight
FN:58,openContextMenu
FN:83,closeContextMenu
FN:90,zoomToFit
FN:103,displayError
FN:107,(anonymous_25)
FNF:9
FNH:8
FNDA:106,resetInterfaceGlobals
FNDA:15,handleKeyDown
FNDA:14,handleTabPressed
FNDA:21,clearHighlight
FNDA:26,openContextMenu
FNDA:49,closeContextMenu
FNDA:0,zoomToFit
FNDA:5,displayError
FNDA:1,(anonymous_25)
DA:1,2
DA:2,2
DA:3,2
DA:4,2
DA:7,2
DA:8,2
DA:10,2
DA:11,106
DA:12,106
DA:13,106
DA:15,106
DA:16,106
DA:17,106
DA:20,2
DA:21,16
DA:22,28
DA:23,1
DA:24,1
DA:25,1
DA:26,2
DA:30,2
DA:31,14
DA:32,14
DA:33,14
DA:34,14
DA:35,7
DA:37,7
DA:39,14
DA:40,2
DA:41,12
DA:42,2
DA:44,14
DA:45,14
DA:46,14
DA:47,12
DA:53,2
DA:54,21
DA:55,21
DA:59,26
DA:60,26
DA:62,3
DA:65,26
DA:66,0
DA:69,26
DA:70,23
DA:72,23
DA:74,23
DA:75,23
DA:76,23
DA:77,23
DA:79,3
DA:84,49
DA:85,49
DA:86,20
DA:90,2
DA:91,0
DA:92,0
DA:94,0
DA:95,0
DA:97,0
DA:99,0
DA:100,0
DA:103,2
DA:104,5
DA:105,5
DA:106,5
DA:107,5
DA:108,1
DA:109,1
LF:69
LH:61
BRDA:21,0,0,1
BRDA:21,1,0,15
BRDA:21,1,1,14
BRDA:21,1,2,2
BRDA:23,2,0,0
BRDA:23,3,0,1
BRDA:23,3,1,1
BRDA:31,4,0,14
BRDA:31,5,0,14
BRDA:31,5,1,14
BRDA:31,5,2,2
BRDA:34,6,0,7
BRDA:34,6,1,7
BRDA:39,7,0,2
BRDA:39,7,1,12
BRDA:41,8,0,2
BRDA:46,9,0,12
BRDA:54,10,0,0
BRDA:54,10,1,21
BRDA:54,11,0,21
BRDA:54,11,1,21
BRDA:60,12,0,3
BRDA:65,13,0,26
BRDA:65,13,1,23
BRDA:69,14,0,23
BRDA:69,14,1,3
BRDA:69,15,0,26
BRDA:69,15,1,23
BRDA:69,15,2,23
BRDA:85,16,0,20
BRF:30
BRH:28
end_of_record
TN:
SF:webapp\scripts\treeManipulation.ts
FN:20,resetTreeManipulation
FN:33,(anonymous_16)
FN:38,(anonymous_17)
FN:43,loadLangSelector
FN:48,(anonymous_21)
FN:48,(anonymous_22)
FN:50,(anonymous_23)
FN:52,(anonymous_24)
FN:60,updateTree
FN:79,(anonymous_26)
FN:85,treeCleanup
FN:92,useTreeFromHistory
FN:100,updateUndoRedoButtons
FN:105,addHoverListeners
FN:106,(anonymous_31)
FN:107,(anonymous_32)
FN:114,(anonymous_33)
FN:121,(anonymous_34)
FN:132,makeOrphanedInputsReadOnly
FN:133,(anonymous_36)
FN:139,makePhantomInputsReadOnly
FN:140,(anonymous_38)
FN:148,updateActiveInputsList
FN:150,(anonymous_40)
FN:155,(anonymous_41)
FN:158,(anonymous_42)
FN:159,(anonymous_43)
FN:160,(anonymous_44)
FN:165,setLiteralInitialValues
FN:166,(anonymous_46)
FN:173,undo
FN:179,redo
FN:186,updateTextInputWidth
FNF:33
FNH:33
FNDA:106,resetTreeManipulation
FNDA:6,(anonymous_16)
FNDA:106,(anonymous_17)
FNDA:106,loadLangSelector
FNDA:106,(anonymous_21)
FNDA:106,(anonymous_22)
FNDA:106,(anonymous_23)
FNDA:21,(anonymous_24)
FNDA:306,updateTree
FNDA:918,(anonymous_26)
FNDA:306,treeCleanup
FNDA:24,useTreeFromHistory
FNDA:412,updateUndoRedoButtons
FNDA:306,addHoverListeners
FNDA:631,(anonymous_31)
FNDA:29,(anonymous_32)
FNDA:78,(anonymous_33)
FNDA:2,(anonymous_34)
FNDA:306,makeOrphanedInputsReadOnly
FNDA:146,(anonymous_36)
FNDA:306,makePhantomInputsReadOnly
FNDA:823,(anonymous_38)
FNDA:306,updateActiveInputsList
FNDA:177,(anonymous_40)
FNDA:461,(anonymous_41)
FNDA:22,(anonymous_42)
FNDA:2,(anonymous_43)
FNDA:13,(anonymous_44)
FNDA:306,setLiteralInitialValues
FNDA:149,(anonymous_46)
FNDA:15,undo
FNDA:4,redo
FNDA:2,updateTextInputWidth
DA:1,2
DA:2,2
DA:3,2
DA:4,2
DA:6,2
DA:7,2
DA:14,2
DA:15,2
DA:17,2
DA:20,2
DA:21,106
DA:22,106
DA:23,106
DA:24,106
DA:25,106
DA:26,106
DA:27,106
DA:29,106
DA:31,106
DA:32,318
DA:33,318
DA:34,6
DA:38,212
DA:39,106
DA:44,106
DA:46,212
DA:48,106
DA:49,106
DA:51,106
DA:52,106
DA:53,21
DA:54,20
DA:60,306
DA:61,306
DA:62,306
DA:63,306
DA:64,306
DA:66,279
DA:67,5
DA:69,279
DA:75,279
DA:77,306
DA:78,306
DA:79,306
DA:80,918
DA:82,306
DA:86,306
DA:87,306
DA:88,306
DA:89,306
DA:92,2
DA:93,24
DA:94,24
DA:95,24
DA:96,24
DA:100,2
DA:101,412
DA:102,412
DA:106,306
DA:107,631
DA:109,29
DA:110,29
DA:113,29
DA:114,78
DA:115,26
DA:117,26
DA:121,631
DA:123,2
DA:125,2
DA:126,1
DA:133,306
DA:134,146
DA:135,146
DA:140,306
DA:141,823
DA:142,4
DA:143,4
DA:149,306
DA:150,306
DA:151,177
DA:152,177
DA:153,177
DA:155,306
DA:156,461
DA:157,461
DA:158,148
DA:159,148
DA:160,148
DA:166,306
DA:167,149
DA:168,149
DA:173,2
DA:174,15
DA:175,15
DA:179,2
DA:180,4
DA:181,4
DA:187,2
DA:188,2
LF:99
LH:99
BRDA:53,0,0,20
BRDA:60,1,0,0
BRDA:64,2,0,279
BRDA:64,3,0,306
BRDA:64,3,1,282
BRDA:64,3,2,198
BRDA:64,3,3,3
BRDA:66,4,0,5
BRDA:93,5,0,24
BRDA:93,6,0,24
BRDA:93,6,1,24
BRDA:113,7,0,26
BRDA:115,8,0,26
BRDA:125,9,0,1
BRDA:141,10,0,4
BRDA:141,11,0,823
BRDA:141,11,1,823
BRDA:157,12,0,148
BRDA:167,13,0,149
BRDA:174,14,0,15
BRDA:174,15,0,15
BRDA:174,15,1,15
BRDA:180,16,0,4
BRDA:180,17,0,4
BRDA:180,17,1,4
BRF:25
BRH:24
end_of_record
TN:
SF:webapp\scripts\utils.ts
FN:1,getSelectedMode
FN:9,getSelectedLanguage
FN:14,hasClassOrParentHasClass
FNF:3
FNH:3
FNDA:287,getSelectedMode
FNDA:371,getSelectedLanguage
FNDA:7792,hasClassOrParentHasClass
DA:1,2
DA:2,287
DA:3,287
DA:4,287
DA:6,0
DA:9,2
DA:10,371
DA:11,371
DA:14,2
DA:15,7792
LF:10
LH:9
BRDA:3,0,0,287
BRDA:15,1,0,7792
BRDA:15,1,1,7788
BRDA:15,1,2,6946
BRF:4
BRH:4
end_of_record
