TN:
SF:webapp\scripts\ClickDeduceResponseError.ts
FN:1,(anonymous_6)
FN:2,ClickDeduceResponseError
FNF:2
FNH:2
FNDA:6,(anonymous_6)
FNDA:10,ClickDeduceResponseError
DA:1,6
DA:3,10
DA:4,10
DA:5,10
DA:7,6
LF:5
LH:5
BRDA:3,0,0,10
BRDA:3,0,1,0
BRF:2
BRH:1
end_of_record
TN:
SF:webapp\scripts\actions.ts
FN:11,resetCopyCache
FN:20,handleSubmit
FN:33,(anonymous_17)
FN:33,(anonymous_18)
FN:45,handleLiteralChanged
FN:49,(anonymous_22)
FN:58,(anonymous_23)
FN:80,handleDropdownChange
FN:103,runAction
FN:115,(anonymous_30)
FN:117,(anonymous_31)
FN:122,(anonymous_32)
FN:122,(anonymous_33)
FN:124,(anonymous_34)
FN:138,clearTreeNode
FN:149,copyTreeNode
FN:158,pasteTreeNode
FNF:17
FNH:17
FNDA:169,resetCopyCache
FNDA:88,handleSubmit
FNDA:88,(anonymous_17)
FNDA:88,(anonymous_18)
FNDA:74,handleLiteralChanged
FNDA:164,(anonymous_22)
FNDA:52,(anonymous_23)
FNDA:149,handleDropdownChange
FNDA:240,runAction
FNDA:240,(anonymous_30)
FNDA:5,(anonymous_31)
FNDA:235,(anonymous_32)
FNDA:235,(anonymous_33)
FNDA:5,(anonymous_34)
FNDA:2,clearTreeNode
FNDA:7,copyTreeNode
FNDA:7,pasteTreeNode
DA:1,6
DA:2,6
DA:3,6
DA:4,6
DA:6,6
DA:11,6
DA:12,169
DA:20,6
DA:22,88
DA:25,176
DA:33,88
DA:34,88
DA:45,6
DA:46,74
DA:47,74
DA:49,164
DA:50,17
DA:53,57
DA:54,57
DA:55,6
DA:58,114
DA:59,52
DA:60,46
DA:62,6
DA:63,6
DA:64,6
DA:65,6
DA:66,6
DA:80,6
DA:81,149
DA:82,149
DA:83,149
DA:86,149
DA:87,5
DA:88,144
DA:89,144
DA:91,0
DA:94,298
DA:103,6
DA:104,240
DA:105,240
DA:106,240
DA:116,240
DA:117,5
DA:118,5
DA:121,235
DA:122,235
DA:123,235
DA:125,5
DA:126,5
DA:127,5
DA:138,6
DA:139,2
DA:140,2
DA:141,2
DA:142,4
DA:149,6
DA:150,7
DA:158,6
DA:159,8
DA:160,6
DA:161,12
LF:62
LH:61
BRDA:49,0,0,17
BRDA:49,1,0,164
BRDA:49,1,1,71
BRDA:54,2,0,6
BRDA:59,3,0,46
BRDA:63,4,0,6
BRDA:63,5,0,6
BRDA:63,5,1,6
BRDA:65,6,0,6
BRDA:86,7,0,5
BRDA:86,7,1,144
BRDA:88,8,0,144
BRDA:88,8,1,0
BRDA:116,9,0,5
BRDA:140,10,0,0
BRDA:159,11,0,1
BRF:16
BRH:14
end_of_record
TN:
SF:webapp\scripts\initialise.ts
FN:23,initialise
FN:32,(anonymous_17)
FN:36,(anonymous_18)
FNF:3
FNH:1
FNDA:169,initialise
FNDA:0,(anonymous_17)
FNDA:0,(anonymous_18)
DA:1,6
DA:2,6
DA:11,6
DA:12,6
DA:13,6
DA:23,6
DA:24,169
DA:25,169
DA:26,338
DA:28,169
DA:30,169
DA:34,0
DA:37,0
DA:42,6
DA:43,6
DA:44,6
DA:45,6
DA:46,6
DA:47,6
DA:48,6
DA:49,6
DA:50,6
DA:51,6
DA:52,6
LF:24
LH:22
BRF:0
BRH:0
end_of_record
TN:
SF:webapp\scripts\interface.ts
FN:13,resetInterfaceGlobals
FN:31,handleKeyDown
FN:45,handleTabPressed
FN:48,(anonymous_20)
FN:75,clearHighlight
FN:84,openContextMenu
FN:113,closeContextMenu
FN:123,zoomToFit
FN:143,displayError
FN:147,(anonymous_26)
FNF:10
FNH:9
FNDA:169,resetInterfaceGlobals
FNDA:20,handleKeyDown
FNDA:18,handleTabPressed
FNDA:70,(anonymous_20)
FNDA:21,clearHighlight
FNDA:26,openContextMenu
FNDA:49,closeContextMenu
FNDA:0,zoomToFit
FNDA:5,displayError
FNDA:1,(anonymous_26)
DA:1,6
DA:2,6
DA:3,6
DA:4,6
DA:7,6
DA:8,6
DA:13,6
DA:14,169
DA:15,169
DA:16,169
DA:18,169
DA:19,169
DA:20,169
DA:31,6
DA:32,22
DA:33,36
DA:34,2
DA:35,2
DA:36,2
DA:37,4
DA:45,6
DA:46,18
DA:47,18
DA:48,70
DA:49,18
DA:50,18
DA:51,18
DA:52,8
DA:54,10
DA:56,18
DA:57,2
DA:58,16
DA:59,2
DA:61,18
DA:62,18
DA:63,18
DA:64,16
DA:75,6
DA:76,21
DA:77,21
DA:85,26
DA:86,26
DA:88,3
DA:91,26
DA:92,0
DA:95,26
DA:96,23
DA:98,23
DA:100,23
DA:101,23
DA:102,23
DA:103,23
DA:105,3
DA:114,49
DA:115,49
DA:116,20
DA:123,6
DA:124,0
DA:125,0
DA:127,0
DA:128,0
DA:130,0
DA:132,0
DA:133,0
DA:143,6
DA:144,5
DA:145,5
DA:146,5
DA:147,5
DA:148,1
DA:149,1
LF:71
LH:63
BRDA:32,0,0,2
BRDA:32,1,0,20
BRDA:32,1,1,18
BRDA:32,1,2,2
BRDA:34,2,0,0
BRDA:34,3,0,2
BRDA:34,3,1,2
BRDA:46,4,0,18
BRDA:46,5,0,18
BRDA:46,5,1,18
BRDA:46,5,2,2
BRDA:51,6,0,8
BRDA:51,6,1,10
BRDA:56,7,0,2
BRDA:56,7,1,16
BRDA:58,8,0,2
BRDA:63,9,0,16
BRDA:76,10,0,0
BRDA:76,10,1,21
BRDA:76,11,0,21
BRDA:76,11,1,21
BRDA:86,12,0,3
BRDA:91,13,0,26
BRDA:91,13,1,23
BRDA:95,14,0,23
BRDA:95,14,1,3
BRDA:95,15,0,26
BRDA:95,15,1,23
BRDA:95,15,2,23
BRDA:115,16,0,20
BRF:30
BRH:28
end_of_record
TN:
SF:webapp\scripts\treeManipulation.ts
FN:22,resetTreeManipulation
FN:35,(anonymous_16)
FN:40,(anonymous_17)
FN:48,loadLangSelector
FN:53,(anonymous_21)
FN:53,(anonymous_22)
FN:55,(anonymous_23)
FN:57,(anonymous_24)
FN:76,updateTree
FN:95,(anonymous_26)
FN:107,treeCleanup
FN:119,useTreeFromHistory
FN:130,updateUndoRedoButtons
FN:140,addHoverListeners
FN:141,(anonymous_31)
FN:142,(anonymous_32)
FN:149,(anonymous_33)
FN:156,(anonymous_34)
FN:167,addDropdownListeners
FN:168,(anonymous_36)
FN:170,(anonymous_37)
FN:176,(anonymous_38)
FN:178,(anonymous_39)
FN:188,makeOrphanedInputsReadOnly
FN:189,(anonymous_41)
FN:198,makePhantomInputsReadOnly
FN:199,(anonymous_43)
FN:212,updateActiveInputsList
FN:214,(anonymous_45)
FN:219,(anonymous_46)
FN:222,(anonymous_47)
FN:223,(anonymous_48)
FN:224,(anonymous_49)
FN:229,getActiveInputs
FN:236,setLiteralInitialValues
FN:237,(anonymous_52)
FN:247,undo
FN:256,redo
FN:269,updateTextInputWidth
FNF:39
FNH:38
FNDA:169,resetTreeManipulation
FNDA:6,(anonymous_16)
FNDA:169,(anonymous_17)
FNDA:169,loadLangSelector
FNDA:169,(anonymous_21)
FNDA:169,(anonymous_22)
FNDA:169,(anonymous_23)
FNDA:21,(anonymous_24)
FNDA:347,updateTree
FNDA:1041,(anonymous_26)
FNDA:347,treeCleanup
FNDA:24,useTreeFromHistory
FNDA:516,updateUndoRedoButtons
FNDA:347,addHoverListeners
FNDA:767,(anonymous_31)
FNDA:29,(anonymous_32)
FNDA:78,(anonymous_33)
FNDA:2,(anonymous_34)
FNDA:347,addDropdownListeners
FNDA:620,(anonymous_36)
FNDA:16,(anonymous_37)
FNDA:9,(anonymous_38)
FNDA:0,(anonymous_39)
FNDA:347,makeOrphanedInputsReadOnly
FNDA:220,(anonymous_41)
FNDA:347,makePhantomInputsReadOnly
FNDA:1035,(anonymous_43)
FNDA:347,updateActiveInputsList
FNDA:229,(anonymous_45)
FNDA:545,(anonymous_46)
FNDA:29,(anonymous_47)
FNDA:2,(anonymous_48)
FNDA:16,(anonymous_49)
FNDA:54,getActiveInputs
FNDA:347,setLiteralInitialValues
FNDA:187,(anonymous_52)
FNDA:15,undo
FNDA:4,redo
FNDA:2,updateTextInputWidth
DA:1,6
DA:2,6
DA:3,6
DA:4,6
DA:6,6
DA:7,6
DA:14,6
DA:15,6
DA:17,6
DA:22,6
DA:23,169
DA:24,169
DA:25,169
DA:26,169
DA:27,169
DA:28,169
DA:29,169
DA:31,169
DA:33,169
DA:34,507
DA:35,507
DA:36,6
DA:40,338
DA:41,169
DA:49,169
DA:51,338
DA:53,169
DA:54,169
DA:56,169
DA:57,169
DA:58,21
DA:59,20
DA:76,347
DA:77,347
DA:78,347
DA:79,347
DA:80,347
DA:82,311
DA:83,5
DA:85,311
DA:91,311
DA:93,347
DA:94,347
DA:95,347
DA:96,1041
DA:98,347
DA:108,347
DA:109,347
DA:110,347
DA:111,347
DA:112,347
DA:119,6
DA:120,24
DA:121,24
DA:122,24
DA:123,24
DA:130,6
DA:131,516
DA:132,516
DA:141,347
DA:142,767
DA:144,29
DA:145,29
DA:148,29
DA:149,78
DA:150,26
DA:152,26
DA:156,767
DA:158,2
DA:160,2
DA:161,1
DA:168,347
DA:169,620
DA:170,620
DA:171,16
DA:176,347
DA:177,9
DA:178,9
DA:179,0
DA:189,347
DA:190,220
DA:191,220
DA:199,347
DA:200,1035
DA:201,4
DA:202,4
DA:213,347
DA:214,347
DA:215,229
DA:216,229
DA:217,229
DA:219,347
DA:220,545
DA:221,545
DA:222,186
DA:223,186
DA:224,186
DA:229,6
DA:230,54
DA:237,347
DA:238,187
DA:239,187
DA:247,6
DA:248,15
DA:249,15
DA:256,6
DA:257,4
DA:258,4
DA:270,2
DA:271,2
LF:110
LH:109
BRDA:58,0,0,20
BRDA:76,1,0,0
BRDA:80,2,0,311
BRDA:80,3,0,347
BRDA:80,3,1,323
BRDA:80,3,2,235
BRDA:80,3,3,12
BRDA:82,4,0,5
BRDA:120,5,0,24
BRDA:120,6,0,24
BRDA:120,6,1,24
BRDA:148,7,0,26
BRDA:150,8,0,26
BRDA:160,9,0,1
BRDA:169,10,0,620
BRDA:177,11,0,9
BRDA:200,12,0,4
BRDA:200,13,0,1035
BRDA:200,13,1,1035
BRDA:221,14,0,186
BRDA:238,15,0,187
BRDA:248,16,0,15
BRDA:248,17,0,15
BRDA:248,17,1,15
BRDA:257,18,0,4
BRDA:257,19,0,4
BRDA:257,19,1,4
BRF:27
BRH:26
end_of_record
TN:
SF:webapp\scripts\utils.ts
FN:4,getSelectedMode
FN:15,getSelectedLanguage
FN:26,hasClassOrParentHasClass
FNF:3
FNH:3
FNDA:328,getSelectedMode
FNDA:416,getSelectedLanguage
FNDA:10044,hasClassOrParentHasClass
DA:4,6
DA:5,328
DA:6,328
DA:7,328
DA:9,0
DA:15,6
DA:16,416
DA:17,416
DA:26,6
DA:27,10044
LF:10
LH:9
BRDA:6,0,0,328
BRDA:27,1,0,10044
BRDA:27,1,1,10040
BRDA:27,1,2,8986
BRF:4
BRH:4
end_of_record
