TN:
SF:webapp\scripts\ClickDeduceResponseError.ts
FN:1,(anonymous_6)
FN:2,ClickDeduceResponseError
FNF:2
FNH:2
FNDA:2,(anonymous_6)
FNDA:10,ClickDeduceResponseError
DA:1,2
DA:3,10
DA:4,10
DA:5,10
DA:7,2
LF:5
LH:5
BRDA:3,0,0,10
BRDA:3,0,1,0
BRF:2
BRH:1
end_of_record
TN:
SF:webapp\scripts\script.ts
FN:27,getSelectedMode
FN:36,handleSubmit
FN:49,(anonymous_18)
FN:49,(anonymous_19)
FN:54,loadLangSelector
FN:59,(anonymous_23)
FN:59,(anonymous_24)
FN:61,(anonymous_25)
FN:63,(anonymous_26)
FN:71,getSelectedLanguage
FN:75,handleDropdownChange
FN:88,handleLiteralChanged
FN:92,(anonymous_34)
FN:101,(anonymous_35)
FN:117,runAction
FN:129,(anonymous_39)
FN:131,(anonymous_40)
FN:136,(anonymous_41)
FN:136,(anonymous_42)
FN:138,(anonymous_43)
FN:145,updateTree
FN:164,(anonymous_45)
FN:170,treeCleanup
FN:177,useTreeFromHistory
FN:185,updateUndoRedoButtons
FN:190,undo
FN:196,redo
FN:202,setLiteralInitialValues
FN:203,(anonymous_52)
FN:212,updateActiveInputsList
FN:214,(anonymous_54)
FN:219,(anonymous_55)
FN:222,(anonymous_56)
FN:223,(anonymous_57)
FN:224,(anonymous_58)
FN:229,handleKeyDown
FN:239,handleTabPressed
FN:263,updateTextInputWidth
FN:268,clearHighlight
FN:273,addHoverListeners
FN:274,(anonymous_68)
FN:275,(anonymous_69)
FN:282,(anonymous_70)
FN:289,(anonymous_71)
FN:300,makeOrphanedInputsReadOnly
FN:301,(anonymous_73)
FN:307,makePhantomInputsReadOnly
FN:308,(anonymous_75)
FN:316,hasClassOrParentHasClass
FN:321,clearTreeNode
FN:329,copyTreeNode
FN:333,pasteTreeNode
FN:340,openContextMenu
FN:365,closeContextMenu
FN:372,zoomToFit
FN:385,displayError
FN:389,(anonymous_88)
FN:395,initialise
FN:411,(anonymous_92)
FN:416,(anonymous_93)
FN:427,(anonymous_94)
FN:431,(anonymous_95)
FNF:62
FNH:59
FNDA:288,getSelectedMode
FNDA:84,handleSubmit
FNDA:84,(anonymous_18)
FNDA:84,(anonymous_19)
FNDA:106,loadLangSelector
FNDA:106,(anonymous_23)
FNDA:106,(anonymous_24)
FNDA:106,(anonymous_25)
FNDA:21,(anonymous_26)
FNDA:372,getSelectedLanguage
FNDA:123,handleDropdownChange
FNDA:63,handleLiteralChanged
FNDA:108,(anonymous_34)
FNDA:41,(anonymous_35)
FNDA:204,runAction
FNDA:204,(anonymous_39)
FNDA:5,(anonymous_40)
FNDA:199,(anonymous_41)
FNDA:199,(anonymous_42)
FNDA:5,(anonymous_43)
FNDA:307,updateTree
FNDA:921,(anonymous_45)
FNDA:307,treeCleanup
FNDA:24,useTreeFromHistory
FNDA:413,updateUndoRedoButtons
FNDA:15,undo
FNDA:4,redo
FNDA:307,setLiteralInitialValues
FNDA:149,(anonymous_52)
FNDA:307,updateActiveInputsList
FNDA:177,(anonymous_54)
FNDA:461,(anonymous_55)
FNDA:22,(anonymous_56)
FNDA:2,(anonymous_57)
FNDA:13,(anonymous_58)
FNDA:15,handleKeyDown
FNDA:14,handleTabPressed
FNDA:2,updateTextInputWidth
FNDA:21,clearHighlight
FNDA:307,addHoverListeners
FNDA:631,(anonymous_68)
FNDA:29,(anonymous_69)
FNDA:78,(anonymous_70)
FNDA:2,(anonymous_71)
FNDA:307,makeOrphanedInputsReadOnly
FNDA:146,(anonymous_73)
FNDA:307,makePhantomInputsReadOnly
FNDA:823,(anonymous_75)
FNDA:7792,hasClassOrParentHasClass
FNDA:2,clearTreeNode
FNDA:7,copyTreeNode
FNDA:7,pasteTreeNode
FNDA:26,openContextMenu
FNDA:49,closeContextMenu
FNDA:0,zoomToFit
FNDA:5,displayError
FNDA:1,(anonymous_88)
FNDA:106,initialise
FNDA:6,(anonymous_92)
FNDA:106,(anonymous_93)
FNDA:0,(anonymous_94)
FNDA:0,(anonymous_95)
DA:1,2
DA:2,2
DA:3,2
DA:5,2
DA:7,2
DA:8,2
DA:17,2
DA:19,2
DA:21,2
DA:23,2
DA:28,576
DA:29,296
DA:30,288
DA:33,0
DA:36,2
DA:38,84
DA:41,168
DA:49,84
DA:50,84
DA:55,106
DA:57,212
DA:59,106
DA:60,106
DA:62,106
DA:63,106
DA:64,21
DA:65,21
DA:72,372
DA:75,2
DA:76,123
DA:77,123
DA:78,123
DA:80,123
DA:81,123
DA:82,5
DA:85,246
DA:88,2
DA:89,63
DA:90,63
DA:92,108
DA:93,17
DA:96,46
DA:97,46
DA:98,1
DA:101,92
DA:102,41
DA:103,41
DA:104,40
DA:106,1
DA:107,1
DA:108,1
DA:109,1
DA:110,1
DA:111,1
DA:118,204
DA:119,204
DA:120,204
DA:130,204
DA:131,5
DA:132,5
DA:135,199
DA:136,199
DA:137,199
DA:139,5
DA:140,5
DA:141,5
DA:145,307
DA:146,307
DA:147,307
DA:148,307
DA:149,307
DA:151,280
DA:152,5
DA:154,280
DA:160,280
DA:162,307
DA:163,307
DA:164,307
DA:165,921
DA:167,307
DA:171,307
DA:172,307
DA:173,307
DA:174,307
DA:178,24
DA:179,24
DA:180,24
DA:181,24
DA:186,413
DA:187,413
DA:190,2
DA:191,15
DA:192,15
DA:196,2
DA:197,4
DA:198,4
DA:203,307
DA:204,149
DA:205,149
DA:210,2
DA:213,307
DA:214,307
DA:215,177
DA:216,177
DA:217,177
DA:219,307
DA:220,461
DA:221,461
DA:222,148
DA:223,148
DA:224,148
DA:229,2
DA:230,16
DA:231,28
DA:232,1
DA:233,1
DA:234,1
DA:235,2
DA:239,2
DA:240,14
DA:241,14
DA:242,14
DA:243,14
DA:244,7
DA:246,7
DA:248,14
DA:249,2
DA:250,12
DA:251,2
DA:253,14
DA:254,14
DA:255,14
DA:256,12
DA:264,2
DA:265,2
DA:269,21
DA:270,21
DA:274,307
DA:275,631
DA:277,29
DA:278,29
DA:281,29
DA:282,78
DA:283,26
DA:285,26
DA:289,631
DA:291,2
DA:293,2
DA:294,1
DA:301,307
DA:302,146
DA:303,146
DA:308,307
DA:309,823
DA:310,4
DA:311,4
DA:317,7792
DA:321,2
DA:322,2
DA:323,2
DA:324,2
DA:325,4
DA:329,2
DA:330,7
DA:333,2
DA:334,8
DA:335,6
DA:336,12
DA:341,26
DA:342,26
DA:344,3
DA:347,26
DA:348,0
DA:351,26
DA:352,23
DA:354,23
DA:356,23
DA:357,23
DA:358,23
DA:359,23
DA:361,3
DA:366,49
DA:367,49
DA:368,20
DA:372,2
DA:373,0
DA:374,0
DA:376,0
DA:377,0
DA:379,0
DA:381,0
DA:382,0
DA:386,5
DA:387,5
DA:388,5
DA:389,5
DA:390,1
DA:391,1
DA:395,2
DA:396,106
DA:397,106
DA:398,106
DA:399,106
DA:400,106
DA:401,106
DA:402,106
DA:404,106
DA:405,106
DA:406,106
DA:407,106
DA:408,106
DA:410,318
DA:411,318
DA:412,6
DA:416,212
DA:417,106
DA:419,106
DA:421,106
DA:422,106
DA:423,106
DA:425,106
DA:429,0
DA:432,0
DA:437,2
DA:438,2
DA:439,2
DA:440,2
DA:441,2
DA:442,2
DA:443,2
DA:444,2
DA:445,2
DA:446,2
DA:447,2
LF:234
LH:223
BRDA:29,0,0,288
BRDA:64,1,0,21
BRDA:81,2,0,5
BRDA:92,3,0,17
BRDA:92,4,0,108
BRDA:92,4,1,46
BRDA:97,5,0,1
BRDA:103,6,0,40
BRDA:107,7,0,1
BRDA:107,8,0,1
BRDA:107,8,1,1
BRDA:110,9,0,1
BRDA:130,10,0,5
BRDA:145,11,0,0
BRDA:149,12,0,280
BRDA:149,13,0,307
BRDA:149,13,1,283
BRDA:149,13,2,199
BRDA:149,13,3,3
BRDA:151,14,0,5
BRDA:178,15,0,24
BRDA:178,16,0,24
BRDA:178,16,1,24
BRDA:191,17,0,15
BRDA:191,18,0,15
BRDA:191,18,1,15
BRDA:197,19,0,4
BRDA:197,20,0,4
BRDA:197,20,1,4
BRDA:204,21,0,149
BRDA:221,22,0,148
BRDA:230,23,0,1
BRDA:230,24,0,15
BRDA:230,24,1,14
BRDA:230,24,2,2
BRDA:232,25,0,0
BRDA:232,26,0,1
BRDA:232,26,1,1
BRDA:240,27,0,14
BRDA:240,28,0,14
BRDA:240,28,1,14
BRDA:240,28,2,2
BRDA:243,29,0,7
BRDA:243,29,1,7
BRDA:248,30,0,2
BRDA:248,30,1,12
BRDA:250,31,0,2
BRDA:255,32,0,12
BRDA:269,33,0,0
BRDA:269,33,1,21
BRDA:269,34,0,21
BRDA:269,34,1,21
BRDA:281,35,0,26
BRDA:283,36,0,26
BRDA:293,37,0,1
BRDA:309,38,0,4
BRDA:309,39,0,823
BRDA:309,39,1,823
BRDA:317,40,0,7792
BRDA:317,40,1,7788
BRDA:317,40,2,6946
BRDA:323,41,0,0
BRDA:334,42,0,1
BRDA:342,43,0,3
BRDA:347,44,0,26
BRDA:347,44,1,23
BRDA:351,45,0,23
BRDA:351,45,1,3
BRDA:351,46,0,26
BRDA:351,46,1,23
BRDA:351,46,2,23
BRDA:367,47,0,20
BRF:72
BRH:68
end_of_record
